<?xml version="1.0" encoding="UTF-8"?>
<testsuite xmlns:xsi="http://www.w3.org/2001/XMLSchema-instance" xsi:noNamespaceSchemaLocation="https://maven.apache.org/surefire/maven-surefire-plugin/xsd/surefire-test-report.xsd" version="3.0.2" name="com.ncsu.farmtrackbackend.FarmtrackApplicationTests" time="5.361" tests="1" errors="0" skipped="0" failures="0">
  <properties>
[...]
</properties>
  <testcase name="contextLoads" classname="com.ncsu.farmtrackbackend.FarmtrackApplicationTests" time="0.021">
    <system-out><![CDATA[10:26:17.966 [main] INFO org.springframework.test.context.support.AnnotationConfigContextLoaderUtils -- Could not detect default configuration classes for test class [com.ncsu.farmtrackbackend.FarmtrackApplicationTests]: FarmtrackApplicationTests does not declare any static, non-private, non-final, nested classes annotated with @Configuration.
10:26:18.078 [main] INFO org.springframework.boot.test.context.SpringBootTestContextBootstrapper -- Found @SpringBootConfiguration com.ncsu.farmtrackbackend.FarmtrackApplication for test class com.ncsu.farmtrackbackend.FarmtrackApplicationTests
10:26:18.217 [main] INFO org.springframework.boot.devtools.restart.RestartApplicationListener -- Restart disabled due to context in which it is running

  .   ____          _            __ _ _
 /\\ / ___'_ __ _ _(_)_ __  __ _ \ \ \ \
( ( )\___ | '_ | '_| | '_ \/ _` | \ \ \ \
 \\/  ___)| |_)| | | | | || (_| |  ) ) ) )
  '  |____| .__|_| |_|_| |_\__, | / / / /
 =========|_|==============|___/=/_/_/_/

 :: Spring Boot ::                (v3.4.4)

2025-03-26T10:26:18.449-04:00 DEBUG 1288556 --- [farmtrack-backend] [kground-preinit] org.jboss.logging                        : Logging Provider: org.jboss.logging.Slf4jLoggerProvider found via system property
2025-03-26T10:26:18.455-04:00 DEBUG 1288556 --- [farmtrack-backend] [kground-preinit] o.h.v.i.xml.config.ValidationXmlParser   : Trying to load META-INF/validation.xml for XML based Validator configuration.
2025-03-26T10:26:18.456-04:00 DEBUG 1288556 --- [farmtrack-backend] [kground-preinit] o.h.v.i.xml.config.ResourceLoaderHelper  : Trying to load META-INF/validation.xml via TCCL
2025-03-26T10:26:18.457-04:00 DEBUG 1288556 --- [farmtrack-backend] [kground-preinit] o.h.v.i.xml.config.ResourceLoaderHelper  : Trying to load META-INF/validation.xml via Hibernate Validator's class loader
2025-03-26T10:26:18.457-04:00 DEBUG 1288556 --- [farmtrack-backend] [kground-preinit] o.h.v.i.xml.config.ValidationXmlParser   : No META-INF/validation.xml found. Using annotation based configuration only.
2025-03-26T10:26:18.462-04:00 DEBUG 1288556 --- [farmtrack-backend] [kground-preinit] o.h.v.i.e.resolver.TraversableResolvers  : Found jakarta.persistence.Persistence on classpath containing 'getPersistenceUtil'. Assuming JPA 2 environment. Trying to instantiate JPA aware TraversableResolver
2025-03-26T10:26:18.463-04:00 DEBUG 1288556 --- [farmtrack-backend] [kground-preinit] o.h.v.i.e.resolver.TraversableResolvers  : Instantiated JPA aware TraversableResolver of type org.hibernate.validator.internal.engine.resolver.JPATraversableResolver.
2025-03-26T10:26:18.475-04:00  INFO 1288556 --- [farmtrack-backend] [           main] c.n.r.FarmtrackApplicationTests             : Starting FarmtrackApplicationTests using Java 17.0.14 with PID 1288556 (started by warfare in /home/warfare/farmtrack/farmtrack-backend)
2025-03-26T10:26:18.475-04:00 DEBUG 1288556 --- [farmtrack-backend] [           main] c.n.r.FarmtrackApplicationTests             : Running with Spring Boot v3.4.4, Spring v6.2.5
2025-03-26T10:26:18.476-04:00  INFO 1288556 --- [farmtrack-backend] [           main] c.n.r.FarmtrackApplicationTests             : No active profile set, falling back to 1 default profile: "default"
2025-03-26T10:26:18.477-04:00 DEBUG 1288556 --- [farmtrack-backend] [           main] o.s.boot.SpringApplication               : Loading source class com.ncsu.farmtrackbackend.FarmtrackApplication
2025-03-26T10:26:18.484-04:00 DEBUG 1288556 --- [farmtrack-backend] [kground-preinit] .h.v.m.ResourceBundleMessageInterpolator : Loaded expression factory via original TCCL
2025-03-26T10:26:18.504-04:00 DEBUG 1288556 --- [farmtrack-backend] [           main] o.s.w.c.s.GenericWebApplicationContext   : Refreshing org.springframework.web.context.support.GenericWebApplicationContext@62b790a5
2025-03-26T10:26:18.519-04:00 DEBUG 1288556 --- [farmtrack-backend] [           main] o.s.b.f.s.DefaultListableBeanFactory     : Creating shared instance of singleton bean 'org.springframework.context.annotation.internalConfigurationAnnotationProcessor'
2025-03-26T10:26:18.532-04:00 DEBUG 1288556 --- [farmtrack-backend] [           main] o.s.b.f.s.DefaultListableBeanFactory     : Creating shared instance of singleton bean 'org.springframework.boot.autoconfigure.internalCachingMetadataReaderFactory'
2025-03-26T10:26:18.587-04:00 DEBUG 1288556 --- [farmtrack-backend] [           main] o.s.c.a.ClassPathBeanDefinitionScanner   : Identified candidate component class: file [/home/warfare/farmtrack/farmtrack-backend/target/classes/com/ncsu/farmtrackbackend/config/CorsConfig.class]
2025-03-26T10:26:18.588-04:00 DEBUG 1288556 --- [farmtrack-backend] [           main] o.s.c.a.ClassPathBeanDefinitionScanner   : Identified candidate component class: file [/home/warfare/farmtrack/farmtrack-backend/target/classes/com/ncsu/farmtrackbackend/config/OpenAPIConfig.class]
2025-03-26T10:26:18.588-04:00 DEBUG 1288556 --- [farmtrack-backend] [           main] o.s.c.a.ClassPathBeanDefinitionScanner   : Identified candidate component class: file [/home/warfare/farmtrack/farmtrack-backend/target/classes/com/ncsu/farmtrackbackend/config/PasswordConfig.class]
2025-03-26T10:26:18.589-04:00 DEBUG 1288556 --- [farmtrack-backend] [kground-preinit] .i.e.ValidatorFactoryConfigurationHelper : HV000252: Using org.hibernate.validator.internal.engine.DefaultPropertyNodeNameProvider as property node name provider.
2025-03-26T10:26:18.593-04:00 DEBUG 1288556 --- [farmtrack-backend] [kground-preinit] .i.e.ValidatorFactoryConfigurationHelper : HV000234: Using org.hibernate.validator.messageinterpolation.ResourceBundleMessageInterpolator as ValidatorFactory-scoped message interpolator.
2025-03-26T10:26:18.593-04:00 DEBUG 1288556 --- [farmtrack-backend] [kground-preinit] .i.e.ValidatorFactoryConfigurationHelper : HV000234: Using org.hibernate.validator.internal.engine.resolver.JPATraversableResolver as ValidatorFactory-scoped traversable resolver.
2025-03-26T10:26:18.594-04:00 DEBUG 1288556 --- [farmtrack-backend] [kground-preinit] .i.e.ValidatorFactoryConfigurationHelper : HV000234: Using org.hibernate.validator.internal.util.ExecutableParameterNameProvider as ValidatorFactory-scoped parameter name provider.
2025-03-26T10:26:18.594-04:00 DEBUG 1288556 --- [farmtrack-backend] [kground-preinit] .i.e.ValidatorFactoryConfigurationHelper : HV000234: Using org.hibernate.validator.internal.engine.DefaultClockProvider as ValidatorFactory-scoped clock provider.
2025-03-26T10:26:18.594-04:00 DEBUG 1288556 --- [farmtrack-backend] [kground-preinit] .i.e.ValidatorFactoryConfigurationHelper : HV000234: Using org.hibernate.validator.internal.engine.scripting.DefaultScriptEvaluatorFactory as ValidatorFactory-scoped script evaluator factory.
2025-03-26T10:26:18.595-04:00 DEBUG 1288556 --- [farmtrack-backend] [           main] o.s.c.a.ClassPathBeanDefinitionScanner   : Identified candidate component class: file [/home/warfare/farmtrack/farmtrack-backend/target/classes/com/ncsu/farmtrackbackend/config/SecurityConfig.class]
2025-03-26T10:26:18.624-04:00 DEBUG 1288556 --- [farmtrack-backend] [           main] o.s.c.a.ClassPathBeanDefinitionScanner   : Identified candidate component class: file [/home/warfare/farmtrack/farmtrack-backend/target/classes/com/ncsu/farmtrackbackend/controller/AuthController.class]
2025-03-26T10:26:18.629-04:00 DEBUG 1288556 --- [farmtrack-backend] [           main] o.s.c.a.ClassPathBeanDefinitionScanner   : Identified candidate component class: file [/home/warfare/farmtrack/farmtrack-backend/target/classes/com/ncsu/farmtrackbackend/controller/FarmController.class]
2025-03-26T10:26:18.630-04:00 DEBUG 1288556 --- [farmtrack-backend] [           main] o.s.c.a.ClassPathBeanDefinitionScanner   : Identified candidate component class: file [/home/warfare/farmtrack/farmtrack-backend/target/classes/com/ncsu/farmtrackbackend/controller/MovementController.class]
2025-03-26T10:26:18.632-04:00 DEBUG 1288556 --- [farmtrack-backend] [           main] o.s.c.a.ClassPathBeanDefinitionScanner   : Identified candidate component class: file [/home/warfare/farmtrack/farmtrack-backend/target/classes/com/ncsu/farmtrackbackend/controller/UserController.class]
2025-03-26T10:26:18.636-04:00 DEBUG 1288556 --- [farmtrack-backend] [           main] o.s.c.a.ClassPathBeanDefinitionScanner   : Ignored because not a concrete top-level class: file [/home/warfare/farmtrack/farmtrack-backend/target/classes/com/ncsu/farmtrackbackend/repository/FarmRepository.class]
2025-03-26T10:26:18.637-04:00 DEBUG 1288556 --- [farmtrack-backend] [           main] o.s.c.a.ClassPathBeanDefinitionScanner   : Ignored because not a concrete top-level class: file [/home/warfare/farmtrack/farmtrack-backend/target/classes/com/ncsu/farmtrackbackend/repository/MovementRepository.class]
2025-03-26T10:26:18.637-04:00 DEBUG 1288556 --- [farmtrack-backend] [           main] o.s.c.a.ClassPathBeanDefinitionScanner   : Identified candidate component class: file [/home/warfare/farmtrack/farmtrack-backend/target/classes/com/ncsu/farmtrackbackend/security/JwtAuthenticationEntryPoint.class]
2025-03-26T10:26:18.638-04:00 DEBUG 1288556 --- [farmtrack-backend] [           main] o.s.c.a.ClassPathBeanDefinitionScanner   : Identified candidate component class: file [/home/warfare/farmtrack/farmtrack-backend/target/classes/com/ncsu/farmtrackbackend/security/JwtRequestFilter.class]
2025-03-26T10:26:18.638-04:00 DEBUG 1288556 --- [farmtrack-backend] [           main] o.s.c.a.ClassPathBeanDefinitionScanner   : Identified candidate component class: file [/home/warfare/farmtrack/farmtrack-backend/target/classes/com/ncsu/farmtrackbackend/security/JwtTokenUtil.class]
2025-03-26T10:26:18.639-04:00 DEBUG 1288556 --- [farmtrack-backend] [           main] o.s.c.a.ClassPathBeanDefinitionScanner   : Identified candidate component class: file [/home/warfare/farmtrack/farmtrack-backend/target/classes/com/ncsu/farmtrackbackend/service/FarmService.class]
2025-03-26T10:26:18.640-04:00 DEBUG 1288556 --- [farmtrack-backend] [           main] o.s.c.a.ClassPathBeanDefinitionScanner   : Identified candidate component class: file [/home/warfare/farmtrack/farmtrack-backend/target/classes/com/ncsu/farmtrackbackend/service/MovementService.class]
2025-03-26T10:26:18.640-04:00 DEBUG 1288556 --- [farmtrack-backend] [           main] o.s.c.a.ClassPathBeanDefinitionScanner   : Identified candidate component class: file [/home/warfare/farmtrack/farmtrack-backend/target/classes/com/ncsu/farmtrackbackend/service/UserService.class]
2025-03-26T10:26:18.640-04:00 DEBUG 1288556 --- [farmtrack-backend] [           main] o.s.c.a.ClassPathBeanDefinitionScanner   : Identified candidate component class: file [/home/warfare/farmtrack/farmtrack-backend/target/classes/com/ncsu/farmtrackbackend/startup/DefaultAdminInitializer.class]
2025-03-26T10:26:19.022-04:00  INFO 1288556 --- [farmtrack-backend] [           main] .s.d.r.c.RepositoryConfigurationDelegate : Bootstrapping Spring Data JPA repositories in DEFAULT mode.
2025-03-26T10:26:19.040-04:00 DEBUG 1288556 --- [farmtrack-backend] [           main] .s.d.r.c.RepositoryConfigurationDelegate : Scanning for JPA repositories in packages com.ncsu.farmtrackbackend.repository.
2025-03-26T10:26:19.055-04:00 DEBUG 1288556 --- [farmtrack-backend] [           main] .i.s.PathMatchingResourcePatternResolver : Skipping search for files matching pattern [**/*.class]: directory [/home/warfare/farmtrack/farmtrack-backend/target/test-classes/com/ncsu/farmtrackbackend/repository] does not exist
2025-03-26T10:26:19.058-04:00 DEBUG 1288556 --- [farmtrack-backend] [           main] o.s.d.r.c.RepositoryComponentProvider    : Identified candidate component class: file [/home/warfare/farmtrack/farmtrack-backend/target/classes/com/ncsu/farmtrackbackend/repository/FarmRepository.class]
2025-03-26T10:26:19.059-04:00 DEBUG 1288556 --- [farmtrack-backend] [           main] o.s.d.r.c.RepositoryComponentProvider    : Identified candidate component class: file [/home/warfare/farmtrack/farmtrack-backend/target/classes/com/ncsu/farmtrackbackend/repository/MovementRepository.class]
2025-03-26T10:26:19.059-04:00 DEBUG 1288556 --- [farmtrack-backend] [           main] o.s.d.r.c.RepositoryComponentProvider    : Identified candidate component class: file [/home/warfare/farmtrack/farmtrack-backend/target/classes/com/ncsu/farmtrackbackend/repository/UserRepository.class]
2025-03-26T10:26:19.081-04:00 DEBUG 1288556 --- [farmtrack-backend] [           main] .i.s.PathMatchingResourcePatternResolver : Skipping search for files matching pattern [**/*Impl.class]: directory [/home/warfare/farmtrack/farmtrack-backend/target/test-classes/com/ncsu/farmtrackbackend/repository] does not exist
2025-03-26T10:26:19.093-04:00  INFO 1288556 --- [farmtrack-backend] [           main] .s.d.r.c.RepositoryConfigurationDelegate : Finished Spring Data repository scanning in 43 ms. Found 3 JPA repository interfaces.
2025-03-26T10:26:19.451-04:00 DEBUG 1288556 --- [farmtrack-backend] [           main] o.s.b.f.s.DefaultListableBeanFactory     : Creating shared instance of singleton bean 'springSecurityHandlerMappingIntrospectorBeanDefinitionRegistryPostProcessor'
2025-03-26T10:26:19.542-04:00 DEBUG 1288556 --- [farmtrack-backend] [           main] o.s.b.f.s.DefaultListableBeanFactory     : Creating shared instance of singleton bean 'propertySourcesPlaceholderConfigurer'
2025-03-26T10:26:19.550-04:00 DEBUG 1288556 --- [farmtrack-backend] [           main] o.s.b.f.s.DefaultListableBeanFactory     : Creating shared instance of singleton bean 'org.springframework.boot.test.mock.mockito.MockitoPostProcessor'
2025-03-26T10:26:19.555-04:00 DEBUG 1288556 --- [farmtrack-backend] [           main] o.s.b.f.s.DefaultListableBeanFactory     : Creating shared instance of singleton bean 'emBeanDefinitionRegistrarPostProcessor'
2025-03-26T10:26:19.555-04:00 DEBUG 1288556 --- [farmtrack-backend] [           main] o.s.b.f.s.DefaultListableBeanFactory     : Creating shared instance of singleton bean 'org.springframework.boot.sql.init.dependency.DatabaseInitializationDependencyConfigurer$DependsOnDatabaseInitializationPostProcessor'
2025-03-26T10:26:19.623-04:00 DEBUG 1288556 --- [farmtrack-backend] [           main] o.s.b.f.s.DefaultListableBeanFactory     : Creating shared instance of singleton bean 'org.springframework.context.event.internalEventListenerProcessor'
2025-03-26T10:26:19.624-04:00 DEBUG 1288556 --- [farmtrack-backend] [           main] o.s.b.f.s.DefaultListableBeanFactory     : Creating shared instance of singleton bean 'conversionServicePostProcessor'
2025-03-26T10:26:19.629-04:00 DEBUG 1288556 --- [farmtrack-backend] [           main] o.s.b.f.s.DefaultListableBeanFactory     : Creating shared instance of singleton bean 'preserveErrorControllerTargetClassPostProcessor'
2025-03-26T10:26:19.630-04:00 DEBUG 1288556 --- [farmtrack-backend] [           main] o.s.b.f.s.DefaultListableBeanFactory     : Creating shared instance of singleton bean 'org.springframework.context.event.internalEventListenerFactory'
2025-03-26T10:26:19.630-04:00 DEBUG 1288556 --- [farmtrack-backend] [           main] o.s.b.f.s.DefaultListableBeanFactory     : Creating shared instance of singleton bean 'org.springframework.transaction.config.internalTransactionalEventListenerFactory'
2025-03-26T10:26:19.634-04:00 DEBUG 1288556 --- [farmtrack-backend] [           main] o.s.b.f.s.DefaultListableBeanFactory     : Creating shared instance of singleton bean 'org.springframework.boot.test.mock.mockito.MockitoPostProcessor$SpyPostProcessor'
2025-03-26T10:26:19.636-04:00 DEBUG 1288556 --- [farmtrack-backend] [           main] o.s.b.f.s.DefaultListableBeanFactory     : Creating shared instance of singleton bean 'org.springframework.context.annotation.internalAutowiredAnnotationProcessor'
2025-03-26T10:26:19.637-04:00 DEBUG 1288556 --- [farmtrack-backend] [           main] o.s.b.f.s.DefaultListableBeanFactory     : Creating shared instance of singleton bean 'org.springframework.context.annotation.internalCommonAnnotationProcessor'
2025-03-26T10:26:19.640-04:00 DEBUG 1288556 --- [farmtrack-backend] [           main] o.s.b.f.s.DefaultListableBeanFactory     : Creating shared instance of singleton bean 'org.springframework.context.annotation.internalPersistenceAnnotationProcessor'
2025-03-26T10:26:19.641-04:00 DEBUG 1288556 --- [farmtrack-backend] [           main] o.s.b.f.s.DefaultListableBeanFactory     : Creating shared instance of singleton bean 'org.springframework.boot.context.properties.ConfigurationPropertiesBindingPostProcessor'
2025-03-26T10:26:19.641-04:00 DEBUG 1288556 --- [farmtrack-backend] [           main] o.s.b.f.s.DefaultListableBeanFactory     : Creating shared instance of singleton bean 'org.springframework.boot.context.internalConfigurationPropertiesBinder'
2025-03-26T10:26:19.643-04:00 DEBUG 1288556 --- [farmtrack-backend] [           main] o.s.b.f.s.DefaultListableBeanFactory     : Creating shared instance of singleton bean 'jdbcConnectionDetailsHikariBeanPostProcessor'
2025-03-26T10:26:19.646-04:00 DEBUG 1288556 --- [farmtrack-backend] [           main] o.s.b.f.s.DefaultListableBeanFactory     : Creating shared instance of singleton bean 'org.springframework.aop.config.internalAutoProxyCreator'
2025-03-26T10:26:19.662-04:00 DEBUG 1288556 --- [farmtrack-backend] [           main] o.s.b.f.s.DefaultListableBeanFactory     : Creating shared instance of singleton bean 'methodValidationPostProcessor'
2025-03-26T10:26:19.664-04:00 DEBUG 1288556 --- [farmtrack-backend] [           main] o.s.b.f.s.DefaultListableBeanFactory     : Autowiring by type from bean name 'methodValidationPostProcessor' via factory method to bean named 'environment'
2025-03-26T10:26:19.674-04:00 DEBUG 1288556 --- [farmtrack-backend] [           main] o.s.b.f.s.DefaultListableBeanFactory     : Creating shared instance of singleton bean 'org.springframework.boot.context.properties.EnableConfigurationPropertiesRegistrar.methodValidationExcludeFilter'
2025-03-26T10:26:19.688-04:00 DEBUG 1288556 --- [farmtrack-backend] [           main] o.s.b.f.s.DefaultListableBeanFactory     : Creating shared instance of singleton bean 'persistenceExceptionTranslationPostProcessor'
2025-03-26T10:26:19.689-04:00 DEBUG 1288556 --- [farmtrack-backend] [           main] o.s.b.f.s.DefaultListableBeanFactory     : Autowiring by type from bean name 'persistenceExceptionTranslationPostProcessor' via factory method to bean named 'environment'
2025-03-26T10:26:19.691-04:00 DEBUG 1288556 --- [farmtrack-backend] [           main] o.s.b.f.s.DefaultListableBeanFactory     : Creating shared instance of singleton bean 'webServerFactoryCustomizerBeanPostProcessor'
2025-03-26T10:26:19.692-04:00 DEBUG 1288556 --- [farmtrack-backend] [           main] o.s.b.f.s.DefaultListableBeanFactory     : Creating shared instance of singleton bean 'errorPageRegistrarBeanPostProcessor'
2025-03-26T10:26:19.692-04:00 DEBUG 1288556 --- [farmtrack-backend] [           main] o.s.b.f.s.DefaultListableBeanFactory     : Creating shared instance of singleton bean 'projectingArgumentResolverBeanPostProcessor'
2025-03-26T10:26:19.693-04:00 DEBUG 1288556 --- [farmtrack-backend] [           main] o.s.b.f.s.DefaultListableBeanFactory     : Creating shared instance of singleton bean 'preFilterAuthorizationAdvisor'
2025-03-26T10:26:19.694-04:00 DEBUG 1288556 --- [farmtrack-backend] [           main] o.s.b.f.s.DefaultListableBeanFactory     : Creating shared instance of singleton bean 'preFilterAuthorizationMethodInterceptor'
2025-03-26T10:26:19.708-04:00 DEBUG 1288556 --- [farmtrack-backend] [           main] o.s.b.f.s.DefaultListableBeanFactory     : Creating shared instance of singleton bean 'preAuthorizeAuthorizationAdvisor'
2025-03-26T10:26:19.708-04:00 DEBUG 1288556 --- [farmtrack-backend] [           main] o.s.b.f.s.DefaultListableBeanFactory     : Creating shared instance of singleton bean 'preAuthorizeAuthorizationMethodInterceptor'
2025-03-26T10:26:19.709-04:00 DEBUG 1288556 --- [farmtrack-backend] [           main] o.s.b.f.s.DefaultListableBeanFactory     : Creating shared instance of singleton bean 'postFilterAuthorizationAdvisor'
2025-03-26T10:26:19.709-04:00 DEBUG 1288556 --- [farmtrack-backend] [           main] o.s.b.f.s.DefaultListableBeanFactory     : Creating shared instance of singleton bean 'postFilterAuthorizationMethodInterceptor'
2025-03-26T10:26:19.710-04:00 DEBUG 1288556 --- [farmtrack-backend] [           main] o.s.b.f.s.DefaultListableBeanFactory     : Creating shared instance of singleton bean 'postAuthorizeAuthorizationAdvisor'
2025-03-26T10:26:19.710-04:00 DEBUG 1288556 --- [farmtrack-backend] [           main] o.s.b.f.s.DefaultListableBeanFactory     : Creating shared instance of singleton bean 'postAuthorizeAuthorizationMethodInterceptor'
2025-03-26T10:26:19.713-04:00 DEBUG 1288556 --- [farmtrack-backend] [           main] o.s.b.f.s.DefaultListableBeanFactory     : Creating shared instance of singleton bean 'authorizeReturnObjectAdvisor'
2025-03-26T10:26:19.714-04:00 DEBUG 1288556 --- [farmtrack-backend] [           main] o.s.b.f.s.DefaultListableBeanFactory     : Creating shared instance of singleton bean 'authorizeReturnObjectMethodInterceptor'
2025-03-26T10:26:19.715-04:00 DEBUG 1288556 --- [farmtrack-backend] [           main] o.s.b.f.s.DefaultListableBeanFactory     : Creating shared instance of singleton bean 'authorizationProxyFactory'
2025-03-26T10:26:19.721-04:00 DEBUG 1288556 --- [farmtrack-backend] [           main] o.s.b.f.s.DefaultListableBeanFactory     : Autowiring by type from bean name 'authorizeReturnObjectMethodInterceptor' via factory method to bean named 'authorizationProxyFactory'
2025-03-26T10:26:19.730-04:00 DEBUG 1288556 --- [farmtrack-backend] [           main] o.s.b.f.s.DefaultListableBeanFactory     : Creating shared instance of singleton bean 'org.springframework.transaction.config.internalTransactionAdvisor'
2025-03-26T10:26:19.731-04:00 DEBUG 1288556 --- [farmtrack-backend] [           main] o.s.b.f.s.DefaultListableBeanFactory     : Creating shared instance of singleton bean 'org.springframework.transaction.annotation.ProxyTransactionManagementConfiguration'
2025-03-26T10:26:19.761-04:00 DEBUG 1288556 --- [farmtrack-backend] [           main] o.s.b.f.s.DefaultListableBeanFactory     : Creating shared instance of singleton bean 'transactionAttributeSource'
2025-03-26T10:26:19.769-04:00 DEBUG 1288556 --- [farmtrack-backend] [           main] o.s.b.f.s.DefaultListableBeanFactory     : Creating shared instance of singleton bean 'transactionInterceptor'
2025-03-26T10:26:19.770-04:00 DEBUG 1288556 --- [farmtrack-backend] [           main] o.s.b.f.s.DefaultListableBeanFactory     : Autowiring by type from bean name 'transactionInterceptor' via factory method to bean named 'transactionAttributeSource'
2025-03-26T10:26:19.786-04:00 DEBUG 1288556 --- [farmtrack-backend] [           main] o.s.b.f.s.DefaultListableBeanFactory     : Autowiring by type from bean name 'org.springframework.transaction.config.internalTransactionAdvisor' via factory method to bean named 'transactionAttributeSource'
2025-03-26T10:26:19.787-04:00 DEBUG 1288556 --- [farmtrack-backend] [           main] o.s.b.f.s.DefaultListableBeanFactory     : Autowiring by type from bean name 'org.springframework.transaction.config.internalTransactionAdvisor' via factory method to bean named 'transactionInterceptor'
2025-03-26T10:26:19.809-04:00 DEBUG 1288556 --- [farmtrack-backend] [           main] o.s.u.c.s.UiApplicationContextUtils      : Unable to locate ThemeSource with name 'themeSource': using default [org.springframework.ui.context.support.ResourceBundleThemeSource@49d543a9]
2025-03-26T10:26:19.810-04:00 DEBUG 1288556 --- [farmtrack-backend] [           main] o.s.b.f.s.DefaultListableBeanFactory     : Creating shared instance of singleton bean 'org.springframework.test.context.support.internalDynamicPropertyRegistrarBeanInitializer'
2025-03-26T10:26:19.813-04:00 DEBUG 1288556 --- [farmtrack-backend] [           main] o.s.b.f.s.DefaultListableBeanFactory     : Creating shared instance of singleton bean 'dataSourceScriptDatabaseInitializer'
2025-03-26T10:26:19.813-04:00 DEBUG 1288556 --- [farmtrack-backend] [           main] o.s.b.f.s.DefaultListableBeanFactory     : Creating shared instance of singleton bean 'org.springframework.boot.autoconfigure.sql.init.DataSourceInitializationConfiguration'
2025-03-26T10:26:19.814-04:00 DEBUG 1288556 --- [farmtrack-backend] [           main] o.s.b.f.s.DefaultListableBeanFactory     : Creating shared instance of singleton bean 'dataSource'
2025-03-26T10:26:19.815-04:00 DEBUG 1288556 --- [farmtrack-backend] [           main] o.s.b.f.s.DefaultListableBeanFactory     : Creating shared instance of singleton bean 'org.springframework.boot.autoconfigure.jdbc.DataSourceConfiguration$Hikari'
2025-03-26T10:26:19.816-04:00 DEBUG 1288556 --- [farmtrack-backend] [           main] o.s.b.f.s.DefaultListableBeanFactory     : Creating shared instance of singleton bean 'spring.datasource-org.springframework.boot.autoconfigure.jdbc.DataSourceProperties'
2025-03-26T10:26:19.817-04:00 DEBUG 1288556 --- [farmtrack-backend] [           main] o.s.b.f.s.DefaultListableBeanFactory     : Creating shared instance of singleton bean 'org.springframework.boot.context.properties.BoundConfigurationProperties'
2025-03-26T10:26:19.840-04:00 DEBUG 1288556 --- [farmtrack-backend] [           main] o.s.b.f.s.DefaultListableBeanFactory     : Creating shared instance of singleton bean 'jdbcConnectionDetails'
2025-03-26T10:26:19.840-04:00 DEBUG 1288556 --- [farmtrack-backend] [           main] o.s.b.f.s.DefaultListableBeanFactory     : Creating shared instance of singleton bean 'org.springframework.boot.autoconfigure.jdbc.DataSourceAutoConfiguration$PooledDataSourceConfiguration'
2025-03-26T10:26:19.842-04:00 DEBUG 1288556 --- [farmtrack-backend] [           main] o.s.b.f.s.DefaultListableBeanFactory     : Autowiring by type from bean name 'jdbcConnectionDetails' via factory method to bean named 'spring.datasource-org.springframework.boot.autoconfigure.jdbc.DataSourceProperties'
2025-03-26T10:26:19.844-04:00 DEBUG 1288556 --- [farmtrack-backend] [           main] o.s.b.f.s.DefaultListableBeanFactory     : Autowiring by type from bean name 'dataSource' via factory method to bean named 'spring.datasource-org.springframework.boot.autoconfigure.jdbc.DataSourceProperties'
2025-03-26T10:26:19.845-04:00 DEBUG 1288556 --- [farmtrack-backend] [           main] o.s.b.f.s.DefaultListableBeanFactory     : Autowiring by type from bean name 'dataSource' via factory method to bean named 'jdbcConnectionDetails'
2025-03-26T10:26:19.849-04:00 DEBUG 1288556 --- [farmtrack-backend] [           main] com.zaxxer.hikari.HikariConfig           : Driver class org.postgresql.Driver found in Thread context class loader jdk.internal.loader.ClassLoaders$AppClassLoader@30946e09
2025-03-26T10:26:19.873-04:00 DEBUG 1288556 --- [farmtrack-backend] [           main] o.s.b.f.s.DefaultListableBeanFactory     : Creating shared instance of singleton bean 'spring.sql.init-org.springframework.boot.autoconfigure.sql.init.SqlInitializationProperties'
2025-03-26T10:26:19.877-04:00 DEBUG 1288556 --- [farmtrack-backend] [           main] o.s.b.f.s.DefaultListableBeanFactory     : Autowiring by type from bean name 'dataSourceScriptDatabaseInitializer' via factory method to bean named 'dataSource'
2025-03-26T10:26:19.878-04:00 DEBUG 1288556 --- [farmtrack-backend] [           main] o.s.b.f.s.DefaultListableBeanFactory     : Autowiring by type from bean name 'dataSourceScriptDatabaseInitializer' via factory method to bean named 'spring.sql.init-org.springframework.boot.autoconfigure.sql.init.SqlInitializationProperties'
2025-03-26T10:26:19.882-04:00 DEBUG 1288556 --- [farmtrack-backend] [           main] o.s.b.f.s.DefaultListableBeanFactory     : Creating shared instance of singleton bean 'entityManagerFactory'
2025-03-26T10:26:19.883-04:00 DEBUG 1288556 --- [farmtrack-backend] [           main] o.s.b.f.s.DefaultListableBeanFactory     : Creating shared instance of singleton bean 'org.springframework.boot.autoconfigure.orm.jpa.HibernateJpaConfiguration'
2025-03-26T10:26:19.884-04:00 DEBUG 1288556 --- [farmtrack-backend] [           main] o.s.b.f.s.DefaultListableBeanFactory     : Creating shared instance of singleton bean 'spring.jpa-org.springframework.boot.autoconfigure.orm.jpa.JpaProperties'
2025-03-26T10:26:19.889-04:00 DEBUG 1288556 --- [farmtrack-backend] [           main] o.s.b.f.s.DefaultListableBeanFactory     : Creating shared instance of singleton bean 'spring.jpa.hibernate-org.springframework.boot.autoconfigure.orm.jpa.HibernateProperties'
2025-03-26T10:26:19.891-04:00 DEBUG 1288556 --- [farmtrack-backend] [           main] o.s.b.f.s.DefaultListableBeanFactory     : Autowiring by type from bean name 'org.springframework.boot.autoconfigure.orm.jpa.HibernateJpaConfiguration' via constructor to bean named 'dataSource'
2025-03-26T10:26:19.891-04:00 DEBUG 1288556 --- [farmtrack-backend] [           main] o.s.b.f.s.DefaultListableBeanFactory     : Autowiring by type from bean name 'org.springframework.boot.autoconfigure.orm.jpa.HibernateJpaConfiguration' via constructor to bean named 'spring.jpa-org.springframework.boot.autoconfigure.orm.jpa.JpaProperties'
2025-03-26T10:26:19.891-04:00 DEBUG 1288556 --- [farmtrack-backend] [           main] o.s.b.f.s.DefaultListableBeanFactory     : Autowiring by type from bean name 'org.springframework.boot.autoconfigure.orm.jpa.HibernateJpaConfiguration' via constructor to bean named 'org.springframework.beans.factory.support.DefaultListableBeanFactory@4eaa375c'
2025-03-26T10:26:19.891-04:00 DEBUG 1288556 --- [farmtrack-backend] [           main] o.s.b.f.s.DefaultListableBeanFactory     : Autowiring by type from bean name 'org.springframework.boot.autoconfigure.orm.jpa.HibernateJpaConfiguration' via constructor to bean named 'spring.jpa.hibernate-org.springframework.boot.autoconfigure.orm.jpa.HibernateProperties'
2025-03-26T10:26:19.893-04:00 DEBUG 1288556 --- [farmtrack-backend] [           main] o.s.b.f.s.DefaultListableBeanFactory     : Creating shared instance of singleton bean 'hikariPoolDataSourceMetadataProvider'
2025-03-26T10:26:19.893-04:00 DEBUG 1288556 --- [farmtrack-backend] [           main] o.s.b.f.s.DefaultListableBeanFactory     : Creating shared instance of singleton bean 'org.springframework.boot.autoconfigure.jdbc.metadata.DataSourcePoolMetadataProvidersConfiguration$HikariPoolDataSourceMetadataProviderConfiguration'
2025-03-26T10:26:19.900-04:00 DEBUG 1288556 --- [farmtrack-backend] [           main] o.s.b.f.s.DefaultListableBeanFactory     : Creating shared instance of singleton bean 'entityManagerFactoryBuilder'
2025-03-26T10:26:19.900-04:00 DEBUG 1288556 --- [farmtrack-backend] [           main] o.s.b.f.s.DefaultListableBeanFactory     : Creating shared instance of singleton bean 'jpaVendorAdapter'
2025-03-26T10:26:19.908-04:00 DEBUG 1288556 --- [farmtrack-backend] [           main] o.s.b.f.s.DefaultListableBeanFactory     : Autowiring by type from bean name 'entityManagerFactoryBuilder' via factory method to bean named 'jpaVendorAdapter'
2025-03-26T10:26:19.911-04:00 DEBUG 1288556 --- [farmtrack-backend] [           main] o.s.b.f.s.DefaultListableBeanFactory     : Creating shared instance of singleton bean 'persistenceManagedTypes'
2025-03-26T10:26:19.912-04:00 DEBUG 1288556 --- [farmtrack-backend] [           main] o.s.b.f.s.DefaultListableBeanFactory     : Autowiring by type from bean name 'persistenceManagedTypes' via factory method to bean named 'org.springframework.beans.factory.support.DefaultListableBeanFactory@4eaa375c'
2025-03-26T10:26:19.912-04:00 DEBUG 1288556 --- [farmtrack-backend] [           main] o.s.b.f.s.DefaultListableBeanFactory     : Autowiring by type from bean name 'persistenceManagedTypes' via factory method to bean named 'org.springframework.web.context.support.GenericWebApplicationContext@62b790a5'
2025-03-26T10:26:19.913-04:00 DEBUG 1288556 --- [farmtrack-backend] [           main] o.s.b.f.s.DefaultListableBeanFactory     : Creating shared instance of singleton bean 'org.springframework.boot.autoconfigure.AutoConfigurationPackages'
2025-03-26T10:26:19.914-04:00 DEBUG 1288556 --- [farmtrack-backend] [           main] o.s.b.a.AutoConfigurationPackages        : @EnableAutoConfiguration was declared on a class in the package 'com.ncsu.farmtrackbackend'. Automatic @Repository and @Entity scanning is enabled.
2025-03-26T10:26:19.921-04:00 DEBUG 1288556 --- [farmtrack-backend] [           main] o.s.b.f.s.DefaultListableBeanFactory     : Autowiring by type from bean name 'entityManagerFactory' via factory method to bean named 'entityManagerFactoryBuilder'
2025-03-26T10:26:19.921-04:00 DEBUG 1288556 --- [farmtrack-backend] [           main] o.s.b.f.s.DefaultListableBeanFactory     : Autowiring by type from bean name 'entityManagerFactory' via factory method to bean named 'persistenceManagedTypes'
2025-03-26T10:26:19.934-04:00 DEBUG 1288556 --- [farmtrack-backend] [           main] j.LocalContainerEntityManagerFactoryBean : Building JPA container EntityManagerFactory for persistence unit 'default'
2025-03-26T10:26:19.948-04:00 DEBUG 1288556 --- [farmtrack-backend] [           main] o.hibernate.jpa.internal.util.LogHelper  : PersistenceUnitInfo [
	name: default
	persistence provider classname: null
	classloader: jdk.internal.loader.ClassLoaders$AppClassLoader@30946e09
	excludeUnlistedClasses: true
	JTA datasource: null
	Non JTA datasource: HikariDataSource (null)
	Transaction type: RESOURCE_LOCAL
	PU root URL: file:/home/warfare/farmtrack/farmtrack-backend/target/test-classes/
	Shared Cache Mode: UNSPECIFIED
	Validation Mode: AUTO
	Jar files URLs []
	Managed classes names [
		com.ncsu.farmtrackbackend.model.Farm
		com.ncsu.farmtrackbackend.model.Movement
		com.ncsu.farmtrackbackend.model.User]
	Mapping files names []
	Properties []
2025-03-26T10:26:19.953-04:00 DEBUG 1288556 --- [farmtrack-backend] [           main] o.h.i.internal.IntegratorServiceImpl     : Adding Integrator [org.hibernate.boot.beanvalidation.BeanValidationIntegrator].
2025-03-26T10:26:19.954-04:00 DEBUG 1288556 --- [farmtrack-backend] [           main] o.h.i.internal.IntegratorServiceImpl     : Adding Integrator [org.hibernate.cache.internal.CollectionCacheInvalidator].
2025-03-26T10:26:19.984-04:00  INFO 1288556 --- [farmtrack-backend] [           main] org.hibernate.Version                    : HHH000412: Hibernate ORM core version 6.6.11.Final
2025-03-26T10:26:19.985-04:00 DEBUG 1288556 --- [farmtrack-backend] [           main] org.hibernate.cfg.Environment            : HHH000206: 'hibernate.properties' not found
2025-03-26T10:26:20.002-04:00 DEBUG 1288556 --- [farmtrack-backend] [           main] org.hibernate.orm.idgen.factory          : Registering IdentifierGenerator strategy [uuid2] -> [org.hibernate.id.UUIDGenerator]
2025-03-26T10:26:20.002-04:00 DEBUG 1288556 --- [farmtrack-backend] [           main] org.hibernate.orm.idgen.factory          : Registering IdentifierGenerator strategy [guid] -> [org.hibernate.id.GUIDGenerator]
2025-03-26T10:26:20.003-04:00 DEBUG 1288556 --- [farmtrack-backend] [           main] org.hibernate.orm.idgen.factory          : Registering IdentifierGenerator strategy [uuid] -> [org.hibernate.id.UUIDHexGenerator]
2025-03-26T10:26:20.003-04:00 DEBUG 1288556 --- [farmtrack-backend] [           main] org.hibernate.orm.idgen.factory          : Registering IdentifierGenerator strategy [uuid.hex] -> [org.hibernate.id.UUIDHexGenerator]
2025-03-26T10:26:20.003-04:00 DEBUG 1288556 --- [farmtrack-backend] [           main] org.hibernate.orm.idgen.factory          : Registering IdentifierGenerator strategy [assigned] -> [org.hibernate.id.Assigned]
2025-03-26T10:26:20.004-04:00 DEBUG 1288556 --- [farmtrack-backend] [           main] org.hibernate.orm.idgen.factory          : Registering IdentifierGenerator strategy [identity] -> [org.hibernate.id.IdentityGenerator]
2025-03-26T10:26:20.004-04:00 DEBUG 1288556 --- [farmtrack-backend] [           main] org.hibernate.orm.idgen.factory          : Registering IdentifierGenerator strategy [select] -> [org.hibernate.id.SelectGenerator]
2025-03-26T10:26:20.005-04:00 DEBUG 1288556 --- [farmtrack-backend] [           main] org.hibernate.orm.idgen.factory          : Registering IdentifierGenerator strategy [sequence] -> [org.hibernate.id.enhanced.SequenceStyleGenerator]
2025-03-26T10:26:20.006-04:00 DEBUG 1288556 --- [farmtrack-backend] [           main] org.hibernate.orm.idgen.factory          : Registering IdentifierGenerator strategy [increment] -> [org.hibernate.id.IncrementGenerator]
2025-03-26T10:26:20.006-04:00 DEBUG 1288556 --- [farmtrack-backend] [           main] org.hibernate.orm.idgen.factory          : Registering IdentifierGenerator strategy [foreign] -> [org.hibernate.id.ForeignGenerator]
2025-03-26T10:26:20.006-04:00 DEBUG 1288556 --- [farmtrack-backend] [           main] org.hibernate.orm.idgen.factory          : Registering IdentifierGenerator strategy [enhanced-sequence] -> [org.hibernate.id.enhanced.SequenceStyleGenerator]
2025-03-26T10:26:20.007-04:00 DEBUG 1288556 --- [farmtrack-backend] [           main] org.hibernate.orm.idgen.factory          : Registering IdentifierGenerator strategy [enhanced-table] -> [org.hibernate.id.enhanced.TableGenerator]
2025-03-26T10:26:20.011-04:00 DEBUG 1288556 --- [farmtrack-backend] [           main] o.h.c.internal.RegionFactoryInitiator    : Cannot default RegionFactory based on registered strategies as `[]` RegionFactory strategies were registered
2025-03-26T10:26:20.012-04:00  INFO 1288556 --- [farmtrack-backend] [           main] o.h.c.internal.RegionFactoryInitiator    : HHH000026: Second-level cache disabled
2025-03-26T10:26:20.068-04:00 DEBUG 1288556 --- [farmtrack-backend] [           main] org.hibernate.type.BasicTypeRegistry     : Adding type registration boolean -> org.hibernate.type.BasicTypeReference@3adde4ea
2025-03-26T10:26:20.069-04:00 DEBUG 1288556 --- [farmtrack-backend] [           main] org.hibernate.type.BasicTypeRegistry     : Adding type registration boolean -> org.hibernate.type.BasicTypeReference@3adde4ea
2025-03-26T10:26:20.069-04:00 DEBUG 1288556 --- [farmtrack-backend] [           main] org.hibernate.type.BasicTypeRegistry     : Adding type registration java.lang.Boolean -> org.hibernate.type.BasicTypeReference@3adde4ea
2025-03-26T10:26:20.069-04:00 DEBUG 1288556 --- [farmtrack-backend] [           main] org.hibernate.type.BasicTypeRegistry     : Adding type registration numeric_boolean -> org.hibernate.type.BasicTypeReference@75663443
2025-03-26T10:26:20.069-04:00 DEBUG 1288556 --- [farmtrack-backend] [           main] org.hibernate.type.BasicTypeRegistry     : Adding type registration org.hibernate.type.NumericBooleanConverter -> org.hibernate.type.BasicTypeReference@75663443
2025-03-26T10:26:20.069-04:00 DEBUG 1288556 --- [farmtrack-backend] [           main] org.hibernate.type.BasicTypeRegistry     : Adding type registration true_false -> org.hibernate.type.BasicTypeReference@780546f8
2025-03-26T10:26:20.069-04:00 DEBUG 1288556 --- [farmtrack-backend] [           main] org.hibernate.type.BasicTypeRegistry     : Adding type registration org.hibernate.type.TrueFalseConverter -> org.hibernate.type.BasicTypeReference@780546f8
2025-03-26T10:26:20.069-04:00 DEBUG 1288556 --- [farmtrack-backend] [           main] org.hibernate.type.BasicTypeRegistry     : Adding type registration yes_no -> org.hibernate.type.BasicTypeReference@b3004e
2025-03-26T10:26:20.070-04:00 DEBUG 1288556 --- [farmtrack-backend] [           main] org.hibernate.type.BasicTypeRegistry     : Adding type registration org.hibernate.type.YesNoConverter -> org.hibernate.type.BasicTypeReference@b3004e
2025-03-26T10:26:20.070-04:00 DEBUG 1288556 --- [farmtrack-backend] [           main] org.hibernate.type.BasicTypeRegistry     : Adding type registration byte -> org.hibernate.type.BasicTypeReference@559c4e06
2025-03-26T10:26:20.070-04:00 DEBUG 1288556 --- [farmtrack-backend] [           main] org.hibernate.type.BasicTypeRegistry     : Adding type registration byte -> org.hibernate.type.BasicTypeReference@559c4e06
2025-03-26T10:26:20.070-04:00 DEBUG 1288556 --- [farmtrack-backend] [           main] org.hibernate.type.BasicTypeRegistry     : Adding type registration java.lang.Byte -> org.hibernate.type.BasicTypeReference@559c4e06
2025-03-26T10:26:20.070-04:00 DEBUG 1288556 --- [farmtrack-backend] [           main] org.hibernate.type.BasicTypeRegistry     : Adding type registration binary -> org.hibernate.type.BasicTypeReference@111cbcda
2025-03-26T10:26:20.070-04:00 DEBUG 1288556 --- [farmtrack-backend] [           main] org.hibernate.type.BasicTypeRegistry     : Adding type registration byte[] -> org.hibernate.type.BasicTypeReference@111cbcda
2025-03-26T10:26:20.070-04:00 DEBUG 1288556 --- [farmtrack-backend] [           main] org.hibernate.type.BasicTypeRegistry     : Adding type registration [B -> org.hibernate.type.BasicTypeReference@111cbcda
2025-03-26T10:26:20.070-04:00 DEBUG 1288556 --- [farmtrack-backend] [           main] org.hibernate.type.BasicTypeRegistry     : Adding type registration binary_wrapper -> org.hibernate.type.BasicTypeReference@437c1a87
2025-03-26T10:26:20.070-04:00 DEBUG 1288556 --- [farmtrack-backend] [           main] org.hibernate.type.BasicTypeRegistry     : Adding type registration wrapper-binary -> org.hibernate.type.BasicTypeReference@437c1a87
2025-03-26T10:26:20.070-04:00 DEBUG 1288556 --- [farmtrack-backend] [           main] org.hibernate.type.BasicTypeRegistry     : Adding type registration image -> org.hibernate.type.BasicTypeReference@5b55c3d6
2025-03-26T10:26:20.070-04:00 DEBUG 1288556 --- [farmtrack-backend] [           main] org.hibernate.type.BasicTypeRegistry     : Adding type registration blob -> org.hibernate.type.BasicTypeReference@6c8e5ac4
2025-03-26T10:26:20.070-04:00 DEBUG 1288556 --- [farmtrack-backend] [           main] org.hibernate.type.BasicTypeRegistry     : Adding type registration java.sql.Blob -> org.hibernate.type.BasicTypeReference@6c8e5ac4
2025-03-26T10:26:20.070-04:00 DEBUG 1288556 --- [farmtrack-backend] [           main] org.hibernate.type.BasicTypeRegistry     : Adding type registration materialized_blob -> org.hibernate.type.BasicTypeReference@1800c1e3
2025-03-26T10:26:20.070-04:00 DEBUG 1288556 --- [farmtrack-backend] [           main] org.hibernate.type.BasicTypeRegistry     : Adding type registration materialized_blob_wrapper -> org.hibernate.type.BasicTypeReference@3b8b4846
2025-03-26T10:26:20.070-04:00 DEBUG 1288556 --- [farmtrack-backend] [           main] org.hibernate.type.BasicTypeRegistry     : Adding type registration short -> org.hibernate.type.BasicTypeReference@4e357792
2025-03-26T10:26:20.071-04:00 DEBUG 1288556 --- [farmtrack-backend] [           main] org.hibernate.type.BasicTypeRegistry     : Adding type registration short -> org.hibernate.type.BasicTypeReference@4e357792
2025-03-26T10:26:20.071-04:00 DEBUG 1288556 --- [farmtrack-backend] [           main] org.hibernate.type.BasicTypeRegistry     : Adding type registration java.lang.Short -> org.hibernate.type.BasicTypeReference@4e357792
2025-03-26T10:26:20.071-04:00 DEBUG 1288556 --- [farmtrack-backend] [           main] org.hibernate.type.BasicTypeRegistry     : Adding type registration integer -> org.hibernate.type.BasicTypeReference@50734cea
2025-03-26T10:26:20.071-04:00 DEBUG 1288556 --- [farmtrack-backend] [           main] org.hibernate.type.BasicTypeRegistry     : Adding type registration int -> org.hibernate.type.BasicTypeReference@50734cea
2025-03-26T10:26:20.071-04:00 DEBUG 1288556 --- [farmtrack-backend] [           main] org.hibernate.type.BasicTypeRegistry     : Adding type registration java.lang.Integer -> org.hibernate.type.BasicTypeReference@50734cea
2025-03-26T10:26:20.071-04:00 DEBUG 1288556 --- [farmtrack-backend] [           main] org.hibernate.type.BasicTypeRegistry     : Adding type registration long -> org.hibernate.type.BasicTypeReference@4e6280de
2025-03-26T10:26:20.071-04:00 DEBUG 1288556 --- [farmtrack-backend] [           main] org.hibernate.type.BasicTypeRegistry     : Adding type registration long -> org.hibernate.type.BasicTypeReference@4e6280de
2025-03-26T10:26:20.071-04:00 DEBUG 1288556 --- [farmtrack-backend] [           main] org.hibernate.type.BasicTypeRegistry     : Adding type registration java.lang.Long -> org.hibernate.type.BasicTypeReference@4e6280de
2025-03-26T10:26:20.071-04:00 DEBUG 1288556 --- [farmtrack-backend] [           main] org.hibernate.type.BasicTypeRegistry     : Adding type registration float -> org.hibernate.type.BasicTypeReference@2fca282c
2025-03-26T10:26:20.071-04:00 DEBUG 1288556 --- [farmtrack-backend] [           main] org.hibernate.type.BasicTypeRegistry     : Adding type registration float -> org.hibernate.type.BasicTypeReference@2fca282c
2025-03-26T10:26:20.071-04:00 DEBUG 1288556 --- [farmtrack-backend] [           main] org.hibernate.type.BasicTypeRegistry     : Adding type registration java.lang.Float -> org.hibernate.type.BasicTypeReference@2fca282c
2025-03-26T10:26:20.071-04:00 DEBUG 1288556 --- [farmtrack-backend] [           main] org.hibernate.type.BasicTypeRegistry     : Adding type registration double -> org.hibernate.type.BasicTypeReference@4a2653a0
2025-03-26T10:26:20.071-04:00 DEBUG 1288556 --- [farmtrack-backend] [           main] org.hibernate.type.BasicTypeRegistry     : Adding type registration double -> org.hibernate.type.BasicTypeReference@4a2653a0
2025-03-26T10:26:20.071-04:00 DEBUG 1288556 --- [farmtrack-backend] [           main] org.hibernate.type.BasicTypeRegistry     : Adding type registration java.lang.Double -> org.hibernate.type.BasicTypeReference@4a2653a0
2025-03-26T10:26:20.071-04:00 DEBUG 1288556 --- [farmtrack-backend] [           main] org.hibernate.type.BasicTypeRegistry     : Adding type registration big_integer -> org.hibernate.type.BasicTypeReference@784212
2025-03-26T10:26:20.071-04:00 DEBUG 1288556 --- [farmtrack-backend] [           main] org.hibernate.type.BasicTypeRegistry     : Adding type registration java.math.BigInteger -> org.hibernate.type.BasicTypeReference@784212
2025-03-26T10:26:20.072-04:00 DEBUG 1288556 --- [farmtrack-backend] [           main] org.hibernate.type.BasicTypeRegistry     : Adding type registration big_decimal -> org.hibernate.type.BasicTypeReference@5ac646b3
2025-03-26T10:26:20.072-04:00 DEBUG 1288556 --- [farmtrack-backend] [           main] org.hibernate.type.BasicTypeRegistry     : Adding type registration java.math.BigDecimal -> org.hibernate.type.BasicTypeReference@5ac646b3
2025-03-26T10:26:20.072-04:00 DEBUG 1288556 --- [farmtrack-backend] [           main] org.hibernate.type.BasicTypeRegistry     : Adding type registration character -> org.hibernate.type.BasicTypeReference@24b38e8f
2025-03-26T10:26:20.072-04:00 DEBUG 1288556 --- [farmtrack-backend] [           main] org.hibernate.type.BasicTypeRegistry     : Adding type registration char -> org.hibernate.type.BasicTypeReference@24b38e8f
2025-03-26T10:26:20.073-04:00 DEBUG 1288556 --- [farmtrack-backend] [           main] org.hibernate.type.BasicTypeRegistry     : Adding type registration java.lang.Character -> org.hibernate.type.BasicTypeReference@24b38e8f
2025-03-26T10:26:20.074-04:00 DEBUG 1288556 --- [farmtrack-backend] [           main] org.hibernate.type.BasicTypeRegistry     : Adding type registration character_nchar -> org.hibernate.type.BasicTypeReference@5cf072ea
2025-03-26T10:26:20.074-04:00 DEBUG 1288556 --- [farmtrack-backend] [           main] org.hibernate.type.BasicTypeRegistry     : Adding type registration string -> org.hibernate.type.BasicTypeReference@1edac3b4
2025-03-26T10:26:20.074-04:00 DEBUG 1288556 --- [farmtrack-backend] [           main] org.hibernate.type.BasicTypeRegistry     : Adding type registration java.lang.String -> org.hibernate.type.BasicTypeReference@1edac3b4
2025-03-26T10:26:20.074-04:00 DEBUG 1288556 --- [farmtrack-backend] [           main] org.hibernate.type.BasicTypeRegistry     : Adding type registration nstring -> org.hibernate.type.BasicTypeReference@7641ed02
2025-03-26T10:26:20.074-04:00 DEBUG 1288556 --- [farmtrack-backend] [           main] org.hibernate.type.BasicTypeRegistry     : Adding type registration characters -> org.hibernate.type.BasicTypeReference@4ebed2b3
2025-03-26T10:26:20.074-04:00 DEBUG 1288556 --- [farmtrack-backend] [           main] org.hibernate.type.BasicTypeRegistry     : Adding type registration char[] -> org.hibernate.type.BasicTypeReference@4ebed2b3
2025-03-26T10:26:20.074-04:00 DEBUG 1288556 --- [farmtrack-backend] [           main] org.hibernate.type.BasicTypeRegistry     : Adding type registration [C -> org.hibernate.type.BasicTypeReference@4ebed2b3
2025-03-26T10:26:20.074-04:00 DEBUG 1288556 --- [farmtrack-backend] [           main] org.hibernate.type.BasicTypeRegistry     : Adding type registration wrapper-characters -> org.hibernate.type.BasicTypeReference@11069eac
2025-03-26T10:26:20.074-04:00 DEBUG 1288556 --- [farmtrack-backend] [           main] org.hibernate.type.BasicTypeRegistry     : Adding type registration text -> org.hibernate.type.BasicTypeReference@5909285b
2025-03-26T10:26:20.074-04:00 DEBUG 1288556 --- [farmtrack-backend] [           main] org.hibernate.type.BasicTypeRegistry     : Adding type registration ntext -> org.hibernate.type.BasicTypeReference@2059f785
2025-03-26T10:26:20.074-04:00 DEBUG 1288556 --- [farmtrack-backend] [           main] org.hibernate.type.BasicTypeRegistry     : Adding type registration clob -> org.hibernate.type.BasicTypeReference@18ca9277
2025-03-26T10:26:20.074-04:00 DEBUG 1288556 --- [farmtrack-backend] [           main] org.hibernate.type.BasicTypeRegistry     : Adding type registration java.sql.Clob -> org.hibernate.type.BasicTypeReference@18ca9277
2025-03-26T10:26:20.074-04:00 DEBUG 1288556 --- [farmtrack-backend] [           main] org.hibernate.type.BasicTypeRegistry     : Adding type registration nclob -> org.hibernate.type.BasicTypeReference@3d9c8c3c
2025-03-26T10:26:20.075-04:00 DEBUG 1288556 --- [farmtrack-backend] [           main] org.hibernate.type.BasicTypeRegistry     : Adding type registration java.sql.NClob -> org.hibernate.type.BasicTypeReference@3d9c8c3c
2025-03-26T10:26:20.075-04:00 DEBUG 1288556 --- [farmtrack-backend] [           main] org.hibernate.type.BasicTypeRegistry     : Adding type registration materialized_clob -> org.hibernate.type.BasicTypeReference@2dc73024
2025-03-26T10:26:20.075-04:00 DEBUG 1288556 --- [farmtrack-backend] [           main] org.hibernate.type.BasicTypeRegistry     : Adding type registration materialized_clob_char_array -> org.hibernate.type.BasicTypeReference@42cd0fc6
2025-03-26T10:26:20.075-04:00 DEBUG 1288556 --- [farmtrack-backend] [           main] org.hibernate.type.BasicTypeRegistry     : Adding type registration materialized_clob_character_array -> org.hibernate.type.BasicTypeReference@e5864c2
2025-03-26T10:26:20.075-04:00 DEBUG 1288556 --- [farmtrack-backend] [           main] org.hibernate.type.BasicTypeRegistry     : Adding type registration materialized_nclob -> org.hibernate.type.BasicTypeReference@577cf459
2025-03-26T10:26:20.075-04:00 DEBUG 1288556 --- [farmtrack-backend] [           main] org.hibernate.type.BasicTypeRegistry     : Adding type registration materialized_nclob_character_array -> org.hibernate.type.BasicTypeReference@432eb882
2025-03-26T10:26:20.075-04:00 DEBUG 1288556 --- [farmtrack-backend] [           main] org.hibernate.type.BasicTypeRegistry     : Adding type registration materialized_nclob_char_array -> org.hibernate.type.BasicTypeReference@69372c1e
2025-03-26T10:26:20.075-04:00 DEBUG 1288556 --- [farmtrack-backend] [           main] org.hibernate.type.BasicTypeRegistry     : Adding type registration Duration -> org.hibernate.type.BasicTypeReference@24842b8e
2025-03-26T10:26:20.075-04:00 DEBUG 1288556 --- [farmtrack-backend] [           main] org.hibernate.type.BasicTypeRegistry     : Adding type registration java.time.Duration -> org.hibernate.type.BasicTypeReference@24842b8e
2025-03-26T10:26:20.075-04:00 DEBUG 1288556 --- [farmtrack-backend] [           main] org.hibernate.type.BasicTypeRegistry     : Adding type registration LocalDateTime -> org.hibernate.type.BasicTypeReference@146add7b
2025-03-26T10:26:20.075-04:00 DEBUG 1288556 --- [farmtrack-backend] [           main] org.hibernate.type.BasicTypeRegistry     : Adding type registration java.time.LocalDateTime -> org.hibernate.type.BasicTypeReference@146add7b
2025-03-26T10:26:20.075-04:00 DEBUG 1288556 --- [farmtrack-backend] [           main] org.hibernate.type.BasicTypeRegistry     : Adding type registration LocalDate -> org.hibernate.type.BasicTypeReference@22368ddc
2025-03-26T10:26:20.075-04:00 DEBUG 1288556 --- [farmtrack-backend] [           main] org.hibernate.type.BasicTypeRegistry     : Adding type registration java.time.LocalDate -> org.hibernate.type.BasicTypeReference@22368ddc
2025-03-26T10:26:20.075-04:00 DEBUG 1288556 --- [farmtrack-backend] [           main] org.hibernate.type.BasicTypeRegistry     : Adding type registration LocalTime -> org.hibernate.type.BasicTypeReference@72b10258
2025-03-26T10:26:20.075-04:00 DEBUG 1288556 --- [farmtrack-backend] [           main] org.hibernate.type.BasicTypeRegistry     : Adding type registration java.time.LocalTime -> org.hibernate.type.BasicTypeReference@72b10258
2025-03-26T10:26:20.075-04:00 DEBUG 1288556 --- [farmtrack-backend] [           main] org.hibernate.type.BasicTypeRegistry     : Adding type registration OffsetDateTime -> org.hibernate.type.BasicTypeReference@77ec9fdb
2025-03-26T10:26:20.075-04:00 DEBUG 1288556 --- [farmtrack-backend] [           main] org.hibernate.type.BasicTypeRegistry     : Adding type registration java.time.OffsetDateTime -> org.hibernate.type.BasicTypeReference@77ec9fdb
2025-03-26T10:26:20.076-04:00 DEBUG 1288556 --- [farmtrack-backend] [           main] org.hibernate.type.BasicTypeRegistry     : Adding type registration OffsetDateTimeWithTimezone -> org.hibernate.type.BasicTypeReference@35af1558
2025-03-26T10:26:20.076-04:00 DEBUG 1288556 --- [farmtrack-backend] [           main] org.hibernate.type.BasicTypeRegistry     : Adding type registration OffsetDateTimeWithoutTimezone -> org.hibernate.type.BasicTypeReference@2361365c
2025-03-26T10:26:20.076-04:00 DEBUG 1288556 --- [farmtrack-backend] [           main] org.hibernate.type.BasicTypeRegistry     : Adding type registration OffsetTime -> org.hibernate.type.BasicTypeReference@59b853aa
2025-03-26T10:26:20.076-04:00 DEBUG 1288556 --- [farmtrack-backend] [           main] org.hibernate.type.BasicTypeRegistry     : Adding type registration java.time.OffsetTime -> org.hibernate.type.BasicTypeReference@59b853aa
2025-03-26T10:26:20.076-04:00 DEBUG 1288556 --- [farmtrack-backend] [           main] org.hibernate.type.BasicTypeRegistry     : Adding type registration OffsetTimeUtc -> org.hibernate.type.BasicTypeReference@4ab90d01
2025-03-26T10:26:20.076-04:00 DEBUG 1288556 --- [farmtrack-backend] [           main] org.hibernate.type.BasicTypeRegistry     : Adding type registration OffsetTimeWithTimezone -> org.hibernate.type.BasicTypeReference@771d4db
2025-03-26T10:26:20.076-04:00 DEBUG 1288556 --- [farmtrack-backend] [           main] org.hibernate.type.BasicTypeRegistry     : Adding type registration OffsetTimeWithoutTimezone -> org.hibernate.type.BasicTypeReference@2d88c1bf
2025-03-26T10:26:20.076-04:00 DEBUG 1288556 --- [farmtrack-backend] [           main] org.hibernate.type.BasicTypeRegistry     : Adding type registration ZonedDateTime -> org.hibernate.type.BasicTypeReference@3636f2a7
2025-03-26T10:26:20.076-04:00 DEBUG 1288556 --- [farmtrack-backend] [           main] org.hibernate.type.BasicTypeRegistry     : Adding type registration java.time.ZonedDateTime -> org.hibernate.type.BasicTypeReference@3636f2a7
2025-03-26T10:26:20.076-04:00 DEBUG 1288556 --- [farmtrack-backend] [           main] org.hibernate.type.BasicTypeRegistry     : Adding type registration ZonedDateTimeWithTimezone -> org.hibernate.type.BasicTypeReference@34652065
2025-03-26T10:26:20.076-04:00 DEBUG 1288556 --- [farmtrack-backend] [           main] org.hibernate.type.BasicTypeRegistry     : Adding type registration ZonedDateTimeWithoutTimezone -> org.hibernate.type.BasicTypeReference@3dbbed3e
2025-03-26T10:26:20.076-04:00 DEBUG 1288556 --- [farmtrack-backend] [           main] org.hibernate.type.BasicTypeRegistry     : Adding type registration date -> org.hibernate.type.BasicTypeReference@56d5460f
2025-03-26T10:26:20.076-04:00 DEBUG 1288556 --- [farmtrack-backend] [           main] org.hibernate.type.BasicTypeRegistry     : Adding type registration java.sql.Date -> org.hibernate.type.BasicTypeReference@56d5460f
2025-03-26T10:26:20.076-04:00 DEBUG 1288556 --- [farmtrack-backend] [           main] org.hibernate.type.BasicTypeRegistry     : Adding type registration time -> org.hibernate.type.BasicTypeReference@57f725b8
2025-03-26T10:26:20.076-04:00 DEBUG 1288556 --- [farmtrack-backend] [           main] org.hibernate.type.BasicTypeRegistry     : Adding type registration java.sql.Time -> org.hibernate.type.BasicTypeReference@57f725b8
2025-03-26T10:26:20.077-04:00 DEBUG 1288556 --- [farmtrack-backend] [           main] org.hibernate.type.BasicTypeRegistry     : Adding type registration timestamp -> org.hibernate.type.BasicTypeReference@4a0c512b
2025-03-26T10:26:20.077-04:00 DEBUG 1288556 --- [farmtrack-backend] [           main] org.hibernate.type.BasicTypeRegistry     : Adding type registration java.sql.Timestamp -> org.hibernate.type.BasicTypeReference@4a0c512b
2025-03-26T10:26:20.077-04:00 DEBUG 1288556 --- [farmtrack-backend] [           main] org.hibernate.type.BasicTypeRegistry     : Adding type registration java.util.Date -> org.hibernate.type.BasicTypeReference@4a0c512b
2025-03-26T10:26:20.077-04:00 DEBUG 1288556 --- [farmtrack-backend] [           main] org.hibernate.type.BasicTypeRegistry     : Adding type registration calendar -> org.hibernate.type.BasicTypeReference@28bc9749
2025-03-26T10:26:20.077-04:00 DEBUG 1288556 --- [farmtrack-backend] [           main] org.hibernate.type.BasicTypeRegistry     : Adding type registration java.util.Calendar -> org.hibernate.type.BasicTypeReference@28bc9749
2025-03-26T10:26:20.077-04:00 DEBUG 1288556 --- [farmtrack-backend] [           main] org.hibernate.type.BasicTypeRegistry     : Adding type registration java.util.GregorianCalendar -> org.hibernate.type.BasicTypeReference@28bc9749
2025-03-26T10:26:20.077-04:00 DEBUG 1288556 --- [farmtrack-backend] [           main] org.hibernate.type.BasicTypeRegistry     : Adding type registration calendar_date -> org.hibernate.type.BasicTypeReference@54a5496f
2025-03-26T10:26:20.077-04:00 DEBUG 1288556 --- [farmtrack-backend] [           main] org.hibernate.type.BasicTypeRegistry     : Adding type registration calendar_time -> org.hibernate.type.BasicTypeReference@3a116ca6
2025-03-26T10:26:20.077-04:00 DEBUG 1288556 --- [farmtrack-backend] [           main] org.hibernate.type.BasicTypeRegistry     : Adding type registration instant -> org.hibernate.type.BasicTypeReference@12bcf7c6
2025-03-26T10:26:20.077-04:00 DEBUG 1288556 --- [farmtrack-backend] [           main] org.hibernate.type.BasicTypeRegistry     : Adding type registration java.time.Instant -> org.hibernate.type.BasicTypeReference@12bcf7c6
2025-03-26T10:26:20.077-04:00 DEBUG 1288556 --- [farmtrack-backend] [           main] org.hibernate.type.BasicTypeRegistry     : Adding type registration uuid -> org.hibernate.type.BasicTypeReference@5e763c07
2025-03-26T10:26:20.077-04:00 DEBUG 1288556 --- [farmtrack-backend] [           main] org.hibernate.type.BasicTypeRegistry     : Adding type registration java.util.UUID -> org.hibernate.type.BasicTypeReference@5e763c07
2025-03-26T10:26:20.077-04:00 DEBUG 1288556 --- [farmtrack-backend] [           main] org.hibernate.type.BasicTypeRegistry     : Adding type registration pg-uuid -> org.hibernate.type.BasicTypeReference@5e763c07
2025-03-26T10:26:20.077-04:00 DEBUG 1288556 --- [farmtrack-backend] [           main] org.hibernate.type.BasicTypeRegistry     : Adding type registration uuid-binary -> org.hibernate.type.BasicTypeReference@2066e897
2025-03-26T10:26:20.077-04:00 DEBUG 1288556 --- [farmtrack-backend] [           main] org.hibernate.type.BasicTypeRegistry     : Adding type registration uuid-char -> org.hibernate.type.BasicTypeReference@1123d461
2025-03-26T10:26:20.077-04:00 DEBUG 1288556 --- [farmtrack-backend] [           main] org.hibernate.type.BasicTypeRegistry     : Adding type registration class -> org.hibernate.type.BasicTypeReference@64540344
2025-03-26T10:26:20.077-04:00 DEBUG 1288556 --- [farmtrack-backend] [           main] org.hibernate.type.BasicTypeRegistry     : Adding type registration java.lang.Class -> org.hibernate.type.BasicTypeReference@64540344
2025-03-26T10:26:20.077-04:00 DEBUG 1288556 --- [farmtrack-backend] [           main] org.hibernate.type.BasicTypeRegistry     : Adding type registration currency -> org.hibernate.type.BasicTypeReference@b2d8dcd
2025-03-26T10:26:20.078-04:00 DEBUG 1288556 --- [farmtrack-backend] [           main] org.hibernate.type.BasicTypeRegistry     : Adding type registration Currency -> org.hibernate.type.BasicTypeReference@b2d8dcd
2025-03-26T10:26:20.078-04:00 DEBUG 1288556 --- [farmtrack-backend] [           main] org.hibernate.type.BasicTypeRegistry     : Adding type registration java.util.Currency -> org.hibernate.type.BasicTypeReference@b2d8dcd
2025-03-26T10:26:20.078-04:00 DEBUG 1288556 --- [farmtrack-backend] [           main] org.hibernate.type.BasicTypeRegistry     : Adding type registration locale -> org.hibernate.type.BasicTypeReference@1c98fe6f
2025-03-26T10:26:20.078-04:00 DEBUG 1288556 --- [farmtrack-backend] [           main] org.hibernate.type.BasicTypeRegistry     : Adding type registration java.util.Locale -> org.hibernate.type.BasicTypeReference@1c98fe6f
2025-03-26T10:26:20.078-04:00 DEBUG 1288556 --- [farmtrack-backend] [           main] org.hibernate.type.BasicTypeRegistry     : Adding type registration serializable -> org.hibernate.type.BasicTypeReference@1397b141
2025-03-26T10:26:20.078-04:00 DEBUG 1288556 --- [farmtrack-backend] [           main] org.hibernate.type.BasicTypeRegistry     : Adding type registration java.io.Serializable -> org.hibernate.type.BasicTypeReference@1397b141
2025-03-26T10:26:20.078-04:00 DEBUG 1288556 --- [farmtrack-backend] [           main] org.hibernate.type.BasicTypeRegistry     : Adding type registration timezone -> org.hibernate.type.BasicTypeReference@579dde54
2025-03-26T10:26:20.078-04:00 DEBUG 1288556 --- [farmtrack-backend] [           main] org.hibernate.type.BasicTypeRegistry     : Adding type registration java.util.TimeZone -> org.hibernate.type.BasicTypeReference@579dde54
2025-03-26T10:26:20.078-04:00 DEBUG 1288556 --- [farmtrack-backend] [           main] org.hibernate.type.BasicTypeRegistry     : Adding type registration ZoneOffset -> org.hibernate.type.BasicTypeReference@30b9728f
2025-03-26T10:26:20.078-04:00 DEBUG 1288556 --- [farmtrack-backend] [           main] org.hibernate.type.BasicTypeRegistry     : Adding type registration java.time.ZoneOffset -> org.hibernate.type.BasicTypeReference@30b9728f
2025-03-26T10:26:20.078-04:00 DEBUG 1288556 --- [farmtrack-backend] [           main] org.hibernate.type.BasicTypeRegistry     : Adding type registration url -> org.hibernate.type.BasicTypeReference@6b899971
2025-03-26T10:26:20.078-04:00 DEBUG 1288556 --- [farmtrack-backend] [           main] org.hibernate.type.BasicTypeRegistry     : Adding type registration java.net.URL -> org.hibernate.type.BasicTypeReference@6b899971
2025-03-26T10:26:20.078-04:00 DEBUG 1288556 --- [farmtrack-backend] [           main] org.hibernate.type.BasicTypeRegistry     : Adding type registration vector -> org.hibernate.type.BasicTypeReference@453a30f8
2025-03-26T10:26:20.078-04:00 DEBUG 1288556 --- [farmtrack-backend] [           main] org.hibernate.type.BasicTypeRegistry     : Adding type registration float_vector -> org.hibernate.type.BasicTypeReference@7cec3975
2025-03-26T10:26:20.078-04:00 DEBUG 1288556 --- [farmtrack-backend] [           main] org.hibernate.type.BasicTypeRegistry     : Adding type registration double_vector -> org.hibernate.type.BasicTypeReference@73a116d
2025-03-26T10:26:20.078-04:00 DEBUG 1288556 --- [farmtrack-backend] [           main] org.hibernate.type.BasicTypeRegistry     : Adding type registration byte_vector -> org.hibernate.type.BasicTypeReference@205f52ea
2025-03-26T10:26:20.078-04:00 DEBUG 1288556 --- [farmtrack-backend] [           main] org.hibernate.type.BasicTypeRegistry     : Adding type registration row_version -> org.hibernate.type.BasicTypeReference@34f60be9
2025-03-26T10:26:20.082-04:00 DEBUG 1288556 --- [farmtrack-backend] [           main] org.hibernate.type.BasicTypeRegistry     : Adding type registration object -> org.hibernate.type.JavaObjectType@3eadad14
2025-03-26T10:26:20.083-04:00 DEBUG 1288556 --- [farmtrack-backend] [           main] org.hibernate.type.BasicTypeRegistry     : Adding type registration java.lang.Object -> org.hibernate.type.JavaObjectType@3eadad14
2025-03-26T10:26:20.084-04:00 DEBUG 1288556 --- [farmtrack-backend] [           main] org.hibernate.type.BasicTypeRegistry     : Adding type registration null -> org.hibernate.type.NullType@7535f28
2025-03-26T10:26:20.084-04:00 DEBUG 1288556 --- [farmtrack-backend] [           main] org.hibernate.type.BasicTypeRegistry     : Adding type registration imm_date -> org.hibernate.type.BasicTypeReference@75f65d54
2025-03-26T10:26:20.084-04:00 DEBUG 1288556 --- [farmtrack-backend] [           main] org.hibernate.type.BasicTypeRegistry     : Adding type registration imm_time -> org.hibernate.type.BasicTypeReference@3f3a6091
2025-03-26T10:26:20.084-04:00 DEBUG 1288556 --- [farmtrack-backend] [           main] org.hibernate.type.BasicTypeRegistry     : Adding type registration imm_timestamp -> org.hibernate.type.BasicTypeReference@5b4d9bda
2025-03-26T10:26:20.084-04:00 DEBUG 1288556 --- [farmtrack-backend] [           main] org.hibernate.type.BasicTypeRegistry     : Adding type registration imm_calendar -> org.hibernate.type.BasicTypeReference@467a2584
2025-03-26T10:26:20.084-04:00 DEBUG 1288556 --- [farmtrack-backend] [           main] org.hibernate.type.BasicTypeRegistry     : Adding type registration imm_calendar_date -> org.hibernate.type.BasicTypeReference@121dce2
2025-03-26T10:26:20.084-04:00 DEBUG 1288556 --- [farmtrack-backend] [           main] org.hibernate.type.BasicTypeRegistry     : Adding type registration imm_calendar_time -> org.hibernate.type.BasicTypeReference@6df31abf
2025-03-26T10:26:20.084-04:00 DEBUG 1288556 --- [farmtrack-backend] [           main] org.hibernate.type.BasicTypeRegistry     : Adding type registration imm_binary -> org.hibernate.type.BasicTypeReference@5a57cf90
2025-03-26T10:26:20.084-04:00 DEBUG 1288556 --- [farmtrack-backend] [           main] org.hibernate.type.BasicTypeRegistry     : Adding type registration imm_serializable -> org.hibernate.type.BasicTypeReference@4d16975b
2025-03-26T10:26:20.088-04:00 DEBUG 1288556 --- [farmtrack-backend] [           main] o.h.boot.internal.BootstrapContextImpl   : Injecting JPA temp ClassLoader [org.springframework.instrument.classloading.SimpleThrowawayClassLoader@552088cc] into BootstrapContext; was [null]
2025-03-26T10:26:20.088-04:00 DEBUG 1288556 --- [farmtrack-backend] [           main] o.h.boot.internal.ClassLoaderAccessImpl  : ClassLoaderAccessImpl#injectTempClassLoader(org.springframework.instrument.classloading.SimpleThrowawayClassLoader@552088cc) [was null]
2025-03-26T10:26:20.088-04:00 DEBUG 1288556 --- [farmtrack-backend] [           main] o.h.boot.internal.BootstrapContextImpl   : Injecting ScanEnvironment [org.hibernate.jpa.boot.internal.StandardJpaScanEnvironmentImpl@7fd3fd06] into BootstrapContext; was [null]
2025-03-26T10:26:20.089-04:00 DEBUG 1288556 --- [farmtrack-backend] [           main] o.h.boot.internal.BootstrapContextImpl   : Injecting ScanOptions [org.hibernate.boot.archive.scan.internal.StandardScanOptions@54ae1240] into BootstrapContext; was [org.hibernate.boot.archive.scan.internal.StandardScanOptions@1c2b65cc]
2025-03-26T10:26:20.104-04:00 DEBUG 1288556 --- [farmtrack-backend] [           main] o.h.j.b.i.PersistenceUnitInfoDescriptor  : Pushing class transformers for PU named 'default' on loading classloader jdk.internal.loader.ClassLoaders$AppClassLoader@30946e09
2025-03-26T10:26:20.128-04:00  INFO 1288556 --- [farmtrack-backend] [           main] o.s.o.j.p.SpringPersistenceUnitInfo      : No LoadTimeWeaver setup: ignoring JPA class transformer
2025-03-26T10:26:20.129-04:00 DEBUG 1288556 --- [farmtrack-backend] [           main] o.h.boot.internal.BootstrapContextImpl   : Injecting JPA temp ClassLoader [null] into BootstrapContext; was [org.springframework.instrument.classloading.SimpleThrowawayClassLoader@552088cc]
2025-03-26T10:26:20.129-04:00 DEBUG 1288556 --- [farmtrack-backend] [           main] o.h.boot.internal.ClassLoaderAccessImpl  : ClassLoaderAccessImpl#injectTempClassLoader(null) [was org.springframework.instrument.classloading.SimpleThrowawayClassLoader@552088cc]
2025-03-26T10:26:20.159-04:00 DEBUG 1288556 --- [farmtrack-backend] [           main] com.zaxxer.hikari.HikariConfig           : HikariPool-1 - configuration:
2025-03-26T10:26:20.163-04:00 DEBUG 1288556 --- [farmtrack-backend] [           main] com.zaxxer.hikari.HikariConfig           : allowPoolSuspension.............false
2025-03-26T10:26:20.163-04:00 DEBUG 1288556 --- [farmtrack-backend] [           main] com.zaxxer.hikari.HikariConfig           : autoCommit......................true
2025-03-26T10:26:20.163-04:00 DEBUG 1288556 --- [farmtrack-backend] [           main] com.zaxxer.hikari.HikariConfig           : catalog.........................none
2025-03-26T10:26:20.164-04:00 DEBUG 1288556 --- [farmtrack-backend] [           main] com.zaxxer.hikari.HikariConfig           : connectionInitSql...............none
2025-03-26T10:26:20.164-04:00 DEBUG 1288556 --- [farmtrack-backend] [           main] com.zaxxer.hikari.HikariConfig           : connectionTestQuery.............none
2025-03-26T10:26:20.165-04:00 DEBUG 1288556 --- [farmtrack-backend] [           main] com.zaxxer.hikari.HikariConfig           : connectionTimeout...............30000
2025-03-26T10:26:20.165-04:00 DEBUG 1288556 --- [farmtrack-backend] [           main] com.zaxxer.hikari.HikariConfig           : dataSource......................none
2025-03-26T10:26:20.165-04:00 DEBUG 1288556 --- [farmtrack-backend] [           main] com.zaxxer.hikari.HikariConfig           : dataSourceClassName.............none
2025-03-26T10:26:20.165-04:00 DEBUG 1288556 --- [farmtrack-backend] [           main] com.zaxxer.hikari.HikariConfig           : dataSourceJNDI..................none
2025-03-26T10:26:20.165-04:00 DEBUG 1288556 --- [farmtrack-backend] [           main] com.zaxxer.hikari.HikariConfig           : dataSourceProperties............{password=<masked>}
2025-03-26T10:26:20.166-04:00 DEBUG 1288556 --- [farmtrack-backend] [           main] com.zaxxer.hikari.HikariConfig           : driverClassName................."org.postgresql.Driver"
2025-03-26T10:26:20.166-04:00 DEBUG 1288556 --- [farmtrack-backend] [           main] com.zaxxer.hikari.HikariConfig           : exceptionOverrideClassName......none
2025-03-26T10:26:20.166-04:00 DEBUG 1288556 --- [farmtrack-backend] [           main] com.zaxxer.hikari.HikariConfig           : healthCheckProperties...........{}
2025-03-26T10:26:20.166-04:00 DEBUG 1288556 --- [farmtrack-backend] [           main] com.zaxxer.hikari.HikariConfig           : healthCheckRegistry.............none
2025-03-26T10:26:20.166-04:00 DEBUG 1288556 --- [farmtrack-backend] [           main] com.zaxxer.hikari.HikariConfig           : idleTimeout.....................600000
2025-03-26T10:26:20.166-04:00 DEBUG 1288556 --- [farmtrack-backend] [           main] com.zaxxer.hikari.HikariConfig           : initializationFailTimeout.......1
2025-03-26T10:26:20.166-04:00 DEBUG 1288556 --- [farmtrack-backend] [           main] com.zaxxer.hikari.HikariConfig           : isolateInternalQueries..........false
2025-03-26T10:26:20.166-04:00 DEBUG 1288556 --- [farmtrack-backend] [           main] com.zaxxer.hikari.HikariConfig           : jdbcUrl.........................jdbc:postgresql://localhost:5432/farmtrack-db
2025-03-26T10:26:20.166-04:00 DEBUG 1288556 --- [farmtrack-backend] [           main] com.zaxxer.hikari.HikariConfig           : keepaliveTime...................0
2025-03-26T10:26:20.166-04:00 DEBUG 1288556 --- [farmtrack-backend] [           main] com.zaxxer.hikari.HikariConfig           : leakDetectionThreshold..........0
2025-03-26T10:26:20.166-04:00 DEBUG 1288556 --- [farmtrack-backend] [           main] com.zaxxer.hikari.HikariConfig           : maxLifetime.....................1800000
2025-03-26T10:26:20.167-04:00 DEBUG 1288556 --- [farmtrack-backend] [           main] com.zaxxer.hikari.HikariConfig           : maximumPoolSize.................10
2025-03-26T10:26:20.167-04:00 DEBUG 1288556 --- [farmtrack-backend] [           main] com.zaxxer.hikari.HikariConfig           : metricRegistry..................none
2025-03-26T10:26:20.167-04:00 DEBUG 1288556 --- [farmtrack-backend] [           main] com.zaxxer.hikari.HikariConfig           : metricsTrackerFactory...........none
2025-03-26T10:26:20.167-04:00 DEBUG 1288556 --- [farmtrack-backend] [           main] com.zaxxer.hikari.HikariConfig           : minimumIdle.....................10
2025-03-26T10:26:20.167-04:00 DEBUG 1288556 --- [farmtrack-backend] [           main] com.zaxxer.hikari.HikariConfig           : password........................<masked>
2025-03-26T10:26:20.167-04:00 DEBUG 1288556 --- [farmtrack-backend] [           main] com.zaxxer.hikari.HikariConfig           : poolName........................"HikariPool-1"
2025-03-26T10:26:20.167-04:00 DEBUG 1288556 --- [farmtrack-backend] [           main] com.zaxxer.hikari.HikariConfig           : readOnly........................false
2025-03-26T10:26:20.167-04:00 DEBUG 1288556 --- [farmtrack-backend] [           main] com.zaxxer.hikari.HikariConfig           : registerMbeans..................false
2025-03-26T10:26:20.167-04:00 DEBUG 1288556 --- [farmtrack-backend] [           main] com.zaxxer.hikari.HikariConfig           : scheduledExecutor...............none
2025-03-26T10:26:20.167-04:00 DEBUG 1288556 --- [farmtrack-backend] [           main] com.zaxxer.hikari.HikariConfig           : schema..........................none
2025-03-26T10:26:20.167-04:00 DEBUG 1288556 --- [farmtrack-backend] [           main] com.zaxxer.hikari.HikariConfig           : threadFactory...................internal
2025-03-26T10:26:20.168-04:00 DEBUG 1288556 --- [farmtrack-backend] [           main] com.zaxxer.hikari.HikariConfig           : transactionIsolation............default
2025-03-26T10:26:20.168-04:00 DEBUG 1288556 --- [farmtrack-backend] [           main] com.zaxxer.hikari.HikariConfig           : username........................"postgres"
2025-03-26T10:26:20.168-04:00 DEBUG 1288556 --- [farmtrack-backend] [           main] com.zaxxer.hikari.HikariConfig           : validationTimeout...............5000
2025-03-26T10:26:20.168-04:00  INFO 1288556 --- [farmtrack-backend] [           main] com.zaxxer.hikari.HikariDataSource       : HikariPool-1 - Starting...
2025-03-26T10:26:20.183-04:00 DEBUG 1288556 --- [farmtrack-backend] [           main] org.postgresql.Driver                    : Loading driver configuration via classloader jdk.internal.loader.ClassLoaders$AppClassLoader@30946e09
2025-03-26T10:26:20.184-04:00 DEBUG 1288556 --- [farmtrack-backend] [           main] org.postgresql.Driver                    : Connecting with URL: jdbc:postgresql://localhost:5432/farmtrack-db
2025-03-26T10:26:20.192-04:00 DEBUG 1288556 --- [farmtrack-backend] [           main] org.postgresql.jdbc.PgConnection         : PostgreSQL JDBC Driver 42.7.5
2025-03-26T10:26:20.193-04:00 DEBUG 1288556 --- [farmtrack-backend] [           main] org.postgresql.jdbc.PgConnection         :   setDefaultFetchSize = 0
2025-03-26T10:26:20.193-04:00 DEBUG 1288556 --- [farmtrack-backend] [           main] org.postgresql.jdbc.PgConnection         :   setPrepareThreshold = 5
2025-03-26T10:26:20.200-04:00 DEBUG 1288556 --- [farmtrack-backend] [           main] o.p.core.v3.ConnectionFactoryImpl        : Trying to establish a protocol version 3 connection to localhost:5432
2025-03-26T10:26:20.216-04:00 DEBUG 1288556 --- [farmtrack-backend] [           main] o.p.core.v3.ConnectionFactoryImpl        : Receive Buffer Size is 65,536
2025-03-26T10:26:20.216-04:00 DEBUG 1288556 --- [farmtrack-backend] [           main] o.p.core.v3.ConnectionFactoryImpl        : Send Buffer Size is 1,313,280
2025-03-26T10:26:20.219-04:00 DEBUG 1288556 --- [farmtrack-backend] [           main] org.postgresql.ssl.MakeSSL               : converting regular socket connection to ssl
2025-03-26T10:26:20.360-04:00 DEBUG 1288556 --- [farmtrack-backend] [           main] jdk.event.security                       : X509Certificate: Alg:SHA256withRSA, Serial:2f:55:70:27:db:f1:77:a7:d4:bf:38:a7:3c:55:b7:32:12:fc:fb:42, Subject:CN=warfare, Issuer:CN=warfare, Key type:RSA, Length:2048, Cert Id:-521178736, Valid from:3/9/25, 7:17 PM, Valid until:3/7/35, 6:17 PM
2025-03-26T10:26:20.374-04:00 DEBUG 1288556 --- [farmtrack-backend] [           main] jdk.event.security                       :  TLSHandshake: localhost:5432, TLSv1.3, TLS_AES_256_GCM_SHA384, -521178736
2025-03-26T10:26:20.502-04:00  INFO 1288556 --- [farmtrack-backend] [           main] com.zaxxer.hikari.pool.HikariPool        : HikariPool-1 - Added connection org.postgresql.jdbc.PgConnection@cfc4601
2025-03-26T10:26:20.505-04:00  INFO 1288556 --- [farmtrack-backend] [           main] com.zaxxer.hikari.HikariDataSource       : HikariPool-1 - Start completed.
2025-03-26T10:26:20.511-04:00 DEBUG 1288556 --- [farmtrack-backend] [           main] o.h.e.j.e.i.JdbcEnvironmentInitiator     : Database ->
	   name : PostgreSQL
	version : 16.8 (Ubuntu 16.8-0ubuntu0.24.04.1)
	  major : 16
	  minor : 8
2025-03-26T10:26:20.511-04:00 DEBUG 1288556 --- [farmtrack-backend] [           main] o.h.e.j.e.i.JdbcEnvironmentInitiator     : Driver ->
	   name : PostgreSQL JDBC Driver
	version : 42.7.5
	  major : 42
	  minor : 7
2025-03-26T10:26:20.512-04:00 DEBUG 1288556 --- [farmtrack-backend] [           main] o.h.e.j.e.i.JdbcEnvironmentInitiator     : JDBC version : 4.2
2025-03-26T10:26:20.548-04:00  WARN 1288556 --- [farmtrack-backend] [           main] org.hibernate.orm.deprecation            : HHH90000025: PostgreSQLDialect does not need to be specified explicitly using 'hibernate.dialect' (remove the property setting and it will be selected by default)
2025-03-26T10:26:20.549-04:00 DEBUG 1288556 --- [farmtrack-backend] [           main] org.hibernate.orm.dialect                : HHH035001: Using dialect: org.hibernate.dialect.PostgreSQLDialect, version: 16.8
2025-03-26T10:26:20.552-04:00 DEBUG 1288556 --- [farmtrack-backend] [           main] o.h.e.j.env.spi.IdentifierHelperBuilder  : JDBC driver metadata reported database stores quoted identifiers in neither upper, lower nor mixed case
[...]
      Did not match:
         - @ConditionalOnProperty (spring.aop.proxy-target-class=false) did not find property 'proxy-target-class' (OnPropertyCondition)

   UserDetailsServiceAutoConfiguration:
      Did not match:
         - @ConditionalOnMissingBean (types: org.springframework.security.authentication.AuthenticationManager,org.springframework.security.authentication.AuthenticationProvider,org.springframework.security.core.userdetails.UserDetailsService,org.springframework.security.authentication.AuthenticationManagerResolver,org.springframework.security.oauth2.jwt.JwtDecoder; SearchStrategy: all) found beans of type 'org.springframework.security.authentication.AuthenticationManager' authenticationManager and found beans of type 'org.springframework.security.core.userdetails.UserDetailsService' userService (OnBeanCondition)
      Matched:
         - @ConditionalOnClass found required class 'org.springframework.security.authentication.AuthenticationManager' (OnClassCondition)
         - found 'session' scope (OnWebApplicationCondition)
         - AnyNestedCondition 3 matched 0 did not; NestedCondition on UserDetailsServiceAutoConfiguration.MissingAlternativeOrUserPropertiesConfigured.PasswordConfigured @ConditionalOnProperty (spring.security.user.password) matched; NestedCondition on UserDetailsServiceAutoConfiguration.MissingAlternativeOrUserPropertiesConfigured.NameConfigured @ConditionalOnProperty (spring.security.user.name) matched; NestedCondition on UserDetailsServiceAutoConfiguration.MissingAlternativeOrUserPropertiesConfigured.MissingAlternative @ConditionalOnMissingClass did not find unwanted classes 'org.springframework.security.oauth2.client.registration.ClientRegistrationRepository', 'org.springframework.security.oauth2.server.resource.introspection.OpaqueTokenIntrospector', 'org.springframework.security.saml2.provider.service.registration.RelyingPartyRegistrationRepository' (UserDetailsServiceAutoConfiguration.MissingAlternativeOrUserPropertiesConfigured)

   WebClientAutoConfiguration:
      Did not match:
         - @ConditionalOnClass did not find required class 'org.springframework.web.reactive.function.client.WebClient' (OnClassCondition)

   WebFluxAutoConfiguration:
      Did not match:
         - @ConditionalOnClass did not find required class 'org.springframework.web.reactive.config.WebFluxConfigurer' (OnClassCondition)

   WebMvcAutoConfiguration#hiddenHttpMethodFilter:
      Did not match:
         - @ConditionalOnProperty (spring.mvc.hiddenmethod.filter.enabled) did not find property 'enabled' (OnPropertyCondition)

   WebMvcAutoConfiguration.ProblemDetailsErrorHandlingConfiguration:
      Did not match:
         - @ConditionalOnProperty (spring.mvc.problemdetails.enabled=true) did not find property 'enabled' (OnPropertyCondition)

   WebMvcAutoConfiguration.ResourceChainCustomizerConfiguration:
      Did not match:
         - @ConditionalOnEnabledResourceChain did not find class org.webjars.WebJarVersionLocator (OnEnabledResourceChainCondition)

   WebMvcAutoConfiguration.WebMvcAutoConfigurationAdapter#beanNameViewResolver:
      Did not match:
         - @ConditionalOnMissingBean (types: org.springframework.web.servlet.view.BeanNameViewResolver; SearchStrategy: all) found beans of type 'org.springframework.web.servlet.view.BeanNameViewResolver' beanNameViewResolver (OnBeanCondition)

   WebServiceTemplateAutoConfiguration:
      Did not match:
         - @ConditionalOnClass did not find required class 'org.springframework.oxm.Marshaller' (OnClassCondition)

   WebServicesAutoConfiguration:
      Did not match:
         - @ConditionalOnClass did not find required class 'org.springframework.ws.transport.http.MessageDispatcherServlet' (OnClassCondition)

   WebSessionIdResolverAutoConfiguration:
      Did not match:
         - @ConditionalOnClass did not find required class 'reactor.core.publisher.Mono' (OnClassCondition)

   WebSocketMessagingAutoConfiguration:
      Did not match:
         - @ConditionalOnClass did not find required class 'org.springframework.web.socket.config.annotation.WebSocketMessageBrokerConfigurer' (OnClassCondition)

   WebSocketReactiveAutoConfiguration:
      Did not match:
         - @ConditionalOnWebApplication did not find reactive web application classes (OnWebApplicationCondition)

   WebSocketServletAutoConfiguration.JettyWebSocketConfiguration:
      Did not match:
         - @ConditionalOnClass did not find required class 'org.eclipse.jetty.ee10.websocket.jakarta.server.config.JakartaWebSocketServletContainerInitializer' (OnClassCondition)

   WebSocketServletAutoConfiguration.UndertowWebSocketConfiguration:
      Did not match:
         - @ConditionalOnClass did not find required class 'io.undertow.websockets.jsr.Bootstrap' (OnClassCondition)

   XADataSourceAutoConfiguration:
      Did not match:
         - @ConditionalOnBean (types: org.springframework.boot.jdbc.XADataSourceWrapper; SearchStrategy: all) did not find any beans of type org.springframework.boot.jdbc.XADataSourceWrapper (OnBeanCondition)
      Matched:
         - @ConditionalOnClass found required classes 'javax.sql.DataSource', 'jakarta.transaction.TransactionManager', 'org.springframework.jdbc.datasource.embedded.EmbeddedDatabaseType' (OnClassCondition)


Exclusions:
-----------

    None


Unconditional classes:
----------------------

    org.springframework.boot.autoconfigure.context.ConfigurationPropertiesAutoConfiguration

    org.springframework.boot.autoconfigure.ssl.SslAutoConfiguration

    org.springframework.boot.autoconfigure.context.PropertyPlaceholderAutoConfiguration

    org.springframework.boot.autoconfigure.context.LifecycleAutoConfiguration

    org.springframework.boot.autoconfigure.availability.ApplicationAvailabilityAutoConfiguration

    org.springframework.boot.autoconfigure.info.ProjectInfoAutoConfiguration



2025-03-26T10:26:23.049-04:00  INFO 1288556 --- [farmtrack-backend] [           main] c.n.r.FarmtrackApplicationTests             : Started FarmtrackApplicationTests in 4.841 seconds (process running for 6.697)
2025-03-26T10:26:23.051-04:00 DEBUG 1288556 --- [farmtrack-backend] [           main] o.s.b.a.ApplicationAvailabilityBean      : Application availability state LivenessState changed to CORRECT
2025-03-26T10:26:23.062-04:00 DEBUG 1288556 --- [farmtrack-backend] [           main] tor$SharedEntityManagerInvocationHandler : Creating new EntityManager for shared EntityManager invocation
2025-03-26T10:26:23.146-04:00 DEBUG 1288556 --- [farmtrack-backend] [           main] org.hibernate.orm.sql.ast.create         : Created new SQL alias : u1_0
2025-03-26T10:26:23.147-04:00 DEBUG 1288556 --- [farmtrack-backend] [           main] org.hibernate.orm.sql.ast.create         : Registration of TableGroup [StandardTableGroup(com.ncsu.farmtrackbackend.model.User(2))] with identifierForTableGroup [com.ncsu.farmtrackbackend.model.User] for NavigablePath [com.ncsu.farmtrackbackend.model.User] 
2025-03-26T10:26:23.153-04:00 DEBUG 1288556 --- [farmtrack-backend] [           main] o.h.q.sqm.sql.BaseSqmToSqlAstConverter   : Determining mapping-model type for SqmParameter : org.hibernate.query.sqm.tree.expression.SqmJpaCriteriaParameterWrapper@1e3f0c5c
2025-03-26T10:26:23.154-04:00 DEBUG 1288556 --- [farmtrack-backend] [           main] o.h.q.sqm.sql.BaseSqmToSqlAstConverter   : Determining mapping-model type for SqmPath : SqmBasicValuedSimplePath(com.ncsu.farmtrackbackend.model.User(2).username) 
2025-03-26T10:26:23.158-04:00 DEBUG 1288556 --- [farmtrack-backend] [           main] org.hibernate.orm.results.graph.AST      : DomainResult Graph:
 \-BasicResult [com.ncsu.farmtrackbackend.model.User(2).id]

2025-03-26T10:26:23.158-04:00 DEBUG 1288556 --- [farmtrack-backend] [           main] org.hibernate.orm.sql.ast.tree           : SQL AST Tree:
    SelectStatement {
      FromClause {
        StandardTableGroup (u1 : com.ncsu.farmtrackbackend.model.User(2)) {
          primaryTableReference : users as u1_0
        }
      }
    }

2025-03-26T10:26:23.167-04:00 DEBUG 1288556 --- [farmtrack-backend] [           main] org.hibernate.orm.sql.exec               : Skipping reading Query result cache data: cache-enabled = false, cache-mode = NORMAL
2025-03-26T10:26:23.168-04:00 DEBUG 1288556 --- [farmtrack-backend] [           main] org.hibernate.SQL                        : select u1_0.id from users u1_0 where u1_0.username=? fetch first ? rows only
Hibernate: select u1_0.id from users u1_0 where u1_0.username=? fetch first ? rows only
2025-03-26T10:26:23.186-04:00 DEBUG 1288556 --- [farmtrack-backend] [           main] org.hibernate.orm.results                : Initializer list is empty
2025-03-26T10:26:23.193-04:00 DEBUG 1288556 --- [farmtrack-backend] [           main] tor$SharedEntityManagerInvocationHandler : Creating new EntityManager for shared EntityManager invocation
2025-03-26T10:26:23.194-04:00 DEBUG 1288556 --- [farmtrack-backend] [           main] org.hibernate.orm.sql.ast.create         : Created new SQL alias : u1_0
2025-03-26T10:26:23.194-04:00 DEBUG 1288556 --- [farmtrack-backend] [           main] org.hibernate.orm.sql.ast.create         : Registration of TableGroup [StandardTableGroup(com.ncsu.farmtrackbackend.model.User(2))] with identifierForTableGroup [com.ncsu.farmtrackbackend.model.User] for NavigablePath [com.ncsu.farmtrackbackend.model.User] 
2025-03-26T10:26:23.195-04:00 DEBUG 1288556 --- [farmtrack-backend] [           main] o.h.q.sqm.sql.BaseSqmToSqlAstConverter   : Determining mapping-model type for SqmParameter : org.hibernate.query.sqm.tree.expression.SqmJpaCriteriaParameterWrapper@16d4757f
2025-03-26T10:26:23.195-04:00 DEBUG 1288556 --- [farmtrack-backend] [           main] o.h.q.sqm.sql.BaseSqmToSqlAstConverter   : Determining mapping-model type for SqmPath : SqmBasicValuedSimplePath(com.ncsu.farmtrackbackend.model.User(2).username) 
2025-03-26T10:26:23.195-04:00 DEBUG 1288556 --- [farmtrack-backend] [           main] org.hibernate.orm.results.graph.AST      : DomainResult Graph:
 \-BasicResult [com.ncsu.farmtrackbackend.model.User(2).id]

2025-03-26T10:26:23.195-04:00 DEBUG 1288556 --- [farmtrack-backend] [           main] org.hibernate.orm.sql.ast.tree           : SQL AST Tree:
    SelectStatement {
      FromClause {
        StandardTableGroup (u1 : com.ncsu.farmtrackbackend.model.User(2)) {
          primaryTableReference : users as u1_0
        }
      }
    }

2025-03-26T10:26:23.195-04:00 DEBUG 1288556 --- [farmtrack-backend] [           main] org.hibernate.orm.sql.exec               : Skipping reading Query result cache data: cache-enabled = false, cache-mode = NORMAL
2025-03-26T10:26:23.195-04:00 DEBUG 1288556 --- [farmtrack-backend] [           main] org.hibernate.SQL                        : select u1_0.id from users u1_0 where u1_0.username=? fetch first ? rows only
Hibernate: select u1_0.id from users u1_0 where u1_0.username=? fetch first ? rows only
2025-03-26T10:26:23.196-04:00 DEBUG 1288556 --- [farmtrack-backend] [           main] org.hibernate.orm.results                : Initializer list is empty
2025-03-26T10:26:23.196-04:00 DEBUG 1288556 --- [farmtrack-backend] [           main] tor$SharedEntityManagerInvocationHandler : Creating new EntityManager for shared EntityManager invocation
2025-03-26T10:26:23.197-04:00 DEBUG 1288556 --- [farmtrack-backend] [           main] org.hibernate.orm.sql.ast.create         : Created new SQL alias : u1_0
2025-03-26T10:26:23.197-04:00 DEBUG 1288556 --- [farmtrack-backend] [           main] org.hibernate.orm.sql.ast.create         : Registration of TableGroup [StandardTableGroup(com.ncsu.farmtrackbackend.model.User(2))] with identifierForTableGroup [com.ncsu.farmtrackbackend.model.User] for NavigablePath [com.ncsu.farmtrackbackend.model.User] 
2025-03-26T10:26:23.197-04:00 DEBUG 1288556 --- [farmtrack-backend] [           main] o.h.q.sqm.sql.BaseSqmToSqlAstConverter   : Determining mapping-model type for SqmParameter : org.hibernate.query.sqm.tree.expression.SqmJpaCriteriaParameterWrapper@4b45016d
2025-03-26T10:26:23.197-04:00 DEBUG 1288556 --- [farmtrack-backend] [           main] o.h.q.sqm.sql.BaseSqmToSqlAstConverter   : Determining mapping-model type for SqmPath : SqmBasicValuedSimplePath(com.ncsu.farmtrackbackend.model.User(2).username) 
2025-03-26T10:26:23.197-04:00 DEBUG 1288556 --- [farmtrack-backend] [           main] org.hibernate.orm.results.graph.AST      : DomainResult Graph:
 \-BasicResult [com.ncsu.farmtrackbackend.model.User(2).id]

2025-03-26T10:26:23.197-04:00 DEBUG 1288556 --- [farmtrack-backend] [           main] org.hibernate.orm.sql.ast.tree           : SQL AST Tree:
    SelectStatement {
      FromClause {
        StandardTableGroup (u1 : com.ncsu.farmtrackbackend.model.User(2)) {
          primaryTableReference : users as u1_0
        }
      }
    }

2025-03-26T10:26:23.198-04:00 DEBUG 1288556 --- [farmtrack-backend] [           main] org.hibernate.orm.sql.exec               : Skipping reading Query result cache data: cache-enabled = false, cache-mode = NORMAL
2025-03-26T10:26:23.198-04:00 DEBUG 1288556 --- [farmtrack-backend] [           main] org.hibernate.SQL                        : select u1_0.id from users u1_0 where u1_0.username=? fetch first ? rows only
Hibernate: select u1_0.id from users u1_0 where u1_0.username=? fetch first ? rows only
2025-03-26T10:26:23.198-04:00 DEBUG 1288556 --- [farmtrack-backend] [           main] org.hibernate.orm.results                : Initializer list is empty
2025-03-26T10:26:23.199-04:00 DEBUG 1288556 --- [farmtrack-backend] [           main] o.s.boot.devtools.restart.Restarter      : Creating new Restarter for thread Thread[main,5,main]
2025-03-26T10:26:23.200-04:00 DEBUG 1288556 --- [farmtrack-backend] [           main] o.s.b.a.ApplicationAvailabilityBean      : Application availability state ReadinessState changed to ACCEPTING_TRAFFIC
2025-03-26T10:26:23.201-04:00 DEBUG 1288556 --- [farmtrack-backend] [           main] org.springframework.test.context.cache   : Spring test ApplicationContext cache statistics: [DefaultContextCache@316a682b size = 1, maxSize = 32, parentContextCount = 0, hitCount = 0, missCount = 1, failureCount = 0]
2025-03-26T10:26:23.202-04:00 DEBUG 1288556 --- [farmtrack-backend] [           main] o.s.t.c.w.ServletTestExecutionListener   : Setting up MockHttpServletRequest, MockHttpServletResponse, ServletWebRequest, and RequestContextHolder for test class com.ncsu.farmtrackbackend.FarmtrackApplicationTests
2025-03-26T10:26:23.210-04:00 DEBUG 1288556 --- [farmtrack-backend] [           main] DependencyInjectionTestExecutionListener : Performing dependency injection for test class com.ncsu.farmtrackbackend.FarmtrackApplicationTests
2025-03-26T10:26:23.211-04:00 DEBUG 1288556 --- [farmtrack-backend] [           main] org.springframework.test.context.cache   : Spring test ApplicationContext cache statistics: [DefaultContextCache@316a682b size = 1, maxSize = 32, parentContextCount = 0, hitCount = 1, missCount = 1, failureCount = 0]
2025-03-26T10:26:23.212-04:00 DEBUG 1288556 --- [farmtrack-backend] [           main] org.springframework.test.context.cache   : Spring test ApplicationContext cache statistics: [DefaultContextCache@316a682b size = 1, maxSize = 32, parentContextCount = 0, hitCount = 2, missCount = 1, failureCount = 0]
2025-03-26T10:26:23.214-04:00 DEBUG 1288556 --- [farmtrack-backend] [           main] sContextBeforeModesTestExecutionListener : Before test method: class [FarmtrackApplicationTests], method [contextLoads], class annotated with @DirtiesContext [false] with mode [null], method annotated with @DirtiesContext [false] with mode [null]
2025-03-26T10:26:23.216-04:00 DEBUG 1288556 --- [farmtrack-backend] [           main] org.springframework.test.context.cache   : Spring test ApplicationContext cache statistics: [DefaultContextCache@316a682b size = 1, maxSize = 32, parentContextCount = 0, hitCount = 3, missCount = 1, failureCount = 0]
2025-03-26T10:26:23.216-04:00 DEBUG 1288556 --- [farmtrack-backend] [           main] org.springframework.test.context.cache   : Spring test ApplicationContext cache statistics: [DefaultContextCache@316a682b size = 1, maxSize = 32, parentContextCount = 0, hitCount = 4, missCount = 1, failureCount = 0]
2025-03-26T10:26:23.220-04:00 DEBUG 1288556 --- [farmtrack-backend] [           main] org.springframework.test.context.cache   : Spring test ApplicationContext cache statistics: [DefaultContextCache@316a682b size = 1, maxSize = 32, parentContextCount = 0, hitCount = 5, missCount = 1, failureCount = 0]
2025-03-26T10:26:23.224-04:00 DEBUG 1288556 --- [farmtrack-backend] [           main] org.springframework.test.context.cache   : Spring test ApplicationContext cache statistics: [DefaultContextCache@316a682b size = 1, maxSize = 32, parentContextCount = 0, hitCount = 6, missCount = 1, failureCount = 0]
2025-03-26T10:26:23.225-04:00 DEBUG 1288556 --- [farmtrack-backend] [           main] org.springframework.test.context.cache   : Spring test ApplicationContext cache statistics: [DefaultContextCache@316a682b size = 1, maxSize = 32, parentContextCount = 0, hitCount = 7, missCount = 1, failureCount = 0]
2025-03-26T10:26:23.226-04:00 DEBUG 1288556 --- [farmtrack-backend] [           main] org.springframework.test.context.cache   : Spring test ApplicationContext cache statistics: [DefaultContextCache@316a682b size = 1, maxSize = 32, parentContextCount = 0, hitCount = 8, missCount = 1, failureCount = 0]
2025-03-26T10:26:23.227-04:00 DEBUG 1288556 --- [farmtrack-backend] [           main] org.springframework.test.context.cache   : Spring test ApplicationContext cache statistics: [DefaultContextCache@316a682b size = 1, maxSize = 32, parentContextCount = 0, hitCount = 9, missCount = 1, failureCount = 0]
2025-03-26T10:26:23.227-04:00 DEBUG 1288556 --- [farmtrack-backend] [           main] org.springframework.test.context.cache   : Spring test ApplicationContext cache statistics: [DefaultContextCache@316a682b size = 1, maxSize = 32, parentContextCount = 0, hitCount = 10, missCount = 1, failureCount = 0]
2025-03-26T10:26:23.228-04:00 DEBUG 1288556 --- [farmtrack-backend] [           main] org.springframework.test.context.cache   : Spring test ApplicationContext cache statistics: [DefaultContextCache@316a682b size = 1, maxSize = 32, parentContextCount = 0, hitCount = 11, missCount = 1, failureCount = 0]
2025-03-26T10:26:23.229-04:00 DEBUG 1288556 --- [farmtrack-backend] [           main] org.springframework.test.context.cache   : Spring test ApplicationContext cache statistics: [DefaultContextCache@316a682b size = 1, maxSize = 32, parentContextCount = 0, hitCount = 12, missCount = 1, failureCount = 0]
2025-03-26T10:26:23.230-04:00 DEBUG 1288556 --- [farmtrack-backend] [           main] org.springframework.test.context.cache   : Spring test ApplicationContext cache statistics: [DefaultContextCache@316a682b size = 1, maxSize = 32, parentContextCount = 0, hitCount = 13, missCount = 1, failureCount = 0]
2025-03-26T10:26:23.231-04:00 DEBUG 1288556 --- [farmtrack-backend] [           main] org.springframework.test.context.cache   : Spring test ApplicationContext cache statistics: [DefaultContextCache@316a682b size = 1, maxSize = 32, parentContextCount = 0, hitCount = 14, missCount = 1, failureCount = 0]
2025-03-26T10:26:23.232-04:00 DEBUG 1288556 --- [farmtrack-backend] [           main] .c.s.DirtiesContextTestExecutionListener : After test method: class [FarmtrackApplicationTests], method [contextLoads], class annotated with @DirtiesContext [false] with mode [null], method annotated with @DirtiesContext [false] with mode [null]
2025-03-26T10:26:23.232-04:00 DEBUG 1288556 --- [farmtrack-backend] [           main] o.s.t.c.w.ServletTestExecutionListener   : Resetting RequestContextHolder for test class com.ncsu.farmtrackbackend.FarmtrackApplicationTests
]]></system-out>
  </testcase>
</testsuite>